{"/home/travis/build/npmtest/node-npmtest-frisby/test.js":{"path":"/home/travis/build/npmtest/node-npmtest-frisby/test.js","s":{"1":2,"2":2,"3":2,"4":2,"5":2,"6":2,"7":2,"8":1,"9":2,"10":2,"11":1,"12":1,"13":1,"14":1,"15":2,"16":2,"17":2,"18":2,"19":1,"20":1,"21":2,"22":2,"23":2,"24":1,"25":1,"26":1,"27":1,"28":1,"29":1,"30":1,"31":1,"32":1,"33":1,"34":1,"35":1,"36":1,"37":1,"38":1,"39":2,"40":2,"41":1,"42":2,"43":2,"44":1,"45":2,"46":2,"47":1,"48":2,"49":2,"50":1,"51":1,"52":1,"53":1,"54":1},"b":{"1":[2,1,1,1],"2":[1,1,1,1],"3":[1,1],"4":[1,1],"5":[1,1],"6":[1,1],"7":[1,1],"8":[1,1],"9":[1,1],"10":[1,1,1],"11":[1,1],"12":[1,1],"13":[1,1],"14":[1,1],"15":[1,1],"16":[1,1],"17":[1,1]},"f":{"1":2,"2":2,"3":2,"4":2,"5":2,"6":1,"7":1,"8":1,"9":2,"10":2,"11":2,"12":2,"13":1},"fnMap":{"1":{"name":"(anonymous_1)","line":12,"loc":{"start":{"line":12,"column":1},"end":{"line":12,"column":13}}},"2":{"name":"(anonymous_2)","line":19,"loc":{"start":{"line":19,"column":5},"end":{"line":19,"column":17}}},"3":{"name":"(anonymous_3)","line":23,"loc":{"start":{"line":23,"column":24},"end":{"line":23,"column":36}}},"4":{"name":"(anonymous_4)","line":61,"loc":{"start":{"line":61,"column":5},"end":{"line":61,"column":17}}},"5":{"name":"(anonymous_5)","line":82,"loc":{"start":{"line":82,"column":5},"end":{"line":82,"column":17}}},"6":{"name":"(anonymous_6)","line":91,"loc":{"start":{"line":91,"column":77},"end":{"line":94,"column":10}}},"7":{"name":"(anonymous_7)","line":112,"loc":{"start":{"line":112,"column":83},"end":{"line":115,"column":10}},"skip":true},"8":{"name":"(anonymous_8)","line":123,"loc":{"start":{"line":123,"column":77},"end":{"line":126,"column":10}},"skip":true},"9":{"name":"(anonymous_9)","line":139,"loc":{"start":{"line":139,"column":12},"end":{"line":139,"column":40}},"skip":true},"10":{"name":"(anonymous_10)","line":147,"loc":{"start":{"line":147,"column":77},"end":{"line":150,"column":10}},"skip":true},"11":{"name":"(anonymous_11)","line":158,"loc":{"start":{"line":158,"column":83},"end":{"line":161,"column":10}},"skip":true},"12":{"name":"(anonymous_12)","line":169,"loc":{"start":{"line":169,"column":79},"end":{"line":172,"column":10}},"skip":true},"13":{"name":"(anonymous_13)","line":180,"loc":{"start":{"line":180,"column":75},"end":{"line":183,"column":10}},"skip":true}},"statementMap":{"1":{"start":{"line":12,"column":0},"end":{"line":195,"column":5}},"2":{"start":{"line":14,"column":4},"end":{"line":14,"column":14}},"3":{"start":{"line":19,"column":4},"end":{"line":56,"column":9}},"4":{"start":{"line":21,"column":8},"end":{"line":21,"column":19}},"5":{"start":{"line":23,"column":8},"end":{"line":35,"column":13}},"6":{"start":{"line":24,"column":12},"end":{"line":34,"column":13}},"7":{"start":{"line":25,"column":16},"end":{"line":28,"column":30}},"8":{"start":{"line":30,"column":16},"end":{"line":33,"column":27}},"9":{"start":{"line":37,"column":8},"end":{"line":39,"column":21}},"10":{"start":{"line":40,"column":8},"end":{"line":53,"column":9}},"11":{"start":{"line":43,"column":12},"end":{"line":46,"column":14}},"12":{"start":{"line":47,"column":12},"end":{"line":47,"column":18}},"13":{"start":{"line":50,"column":12},"end":{"line":51,"column":46}},"14":{"start":{"line":52,"column":12},"end":{"line":52,"column":18}},"15":{"start":{"line":55,"column":8},"end":{"line":55,"column":35}},"16":{"start":{"line":61,"column":4},"end":{"line":63,"column":9}},"17":{"start":{"line":62,"column":8},"end":{"line":62,"column":15}},"18":{"start":{"line":64,"column":4},"end":{"line":77,"column":5}},"19":{"start":{"line":70,"column":8},"end":{"line":70,"column":14}},"20":{"start":{"line":76,"column":8},"end":{"line":76,"column":14}},"21":{"start":{"line":82,"column":4},"end":{"line":84,"column":9}},"22":{"start":{"line":83,"column":8},"end":{"line":83,"column":15}},"23":{"start":{"line":85,"column":4},"end":{"line":194,"column":5}},"24":{"start":{"line":91,"column":8},"end":{"line":99,"column":10}},"25":{"start":{"line":98,"column":12},"end":{"line":98,"column":35}},"26":{"start":{"line":102,"column":8},"end":{"line":104,"column":63}},"27":{"start":{"line":105,"column":8},"end":{"line":105,"column":14}},"28":{"start":{"line":112,"column":8},"end":{"line":121,"column":10},"skip":true},"29":{"start":{"line":119,"column":12},"end":{"line":119,"column":55},"skip":true},"30":{"start":{"line":120,"column":12},"end":{"line":120,"column":48},"skip":true},"31":{"start":{"line":123,"column":8},"end":{"line":136,"column":10},"skip":true},"32":{"start":{"line":130,"column":12},"end":{"line":130,"column":76},"skip":true},"33":{"start":{"line":131,"column":12},"end":{"line":131,"column":73},"skip":true},"34":{"start":{"line":132,"column":12},"end":{"line":132,"column":74},"skip":true},"35":{"start":{"line":133,"column":12},"end":{"line":133,"column":79},"skip":true},"36":{"start":{"line":134,"column":12},"end":{"line":134,"column":25},"skip":true},"37":{"start":{"line":135,"column":12},"end":{"line":135,"column":45},"skip":true},"38":{"start":{"line":138,"column":8},"end":{"line":145,"column":14},"skip":true},"39":{"start":{"line":143,"column":16},"end":{"line":143,"column":29},"skip":true},"40":{"start":{"line":144,"column":16},"end":{"line":144,"column":55},"skip":true},"41":{"start":{"line":147,"column":8},"end":{"line":156,"column":10},"skip":true},"42":{"start":{"line":154,"column":12},"end":{"line":154,"column":25},"skip":true},"43":{"start":{"line":155,"column":12},"end":{"line":155,"column":45},"skip":true},"44":{"start":{"line":158,"column":8},"end":{"line":167,"column":10},"skip":true},"45":{"start":{"line":165,"column":12},"end":{"line":165,"column":25},"skip":true},"46":{"start":{"line":166,"column":12},"end":{"line":166,"column":48},"skip":true},"47":{"start":{"line":169,"column":8},"end":{"line":178,"column":10},"skip":true},"48":{"start":{"line":176,"column":12},"end":{"line":176,"column":25},"skip":true},"49":{"start":{"line":177,"column":12},"end":{"line":177,"column":46},"skip":true},"50":{"start":{"line":180,"column":8},"end":{"line":189,"column":10},"skip":true},"51":{"start":{"line":187,"column":12},"end":{"line":187,"column":94},"skip":true},"52":{"start":{"line":188,"column":12},"end":{"line":188,"column":48},"skip":true},"53":{"start":{"line":192,"column":8},"end":{"line":192,"column":35},"skip":true},"54":{"start":{"line":193,"column":8},"end":{"line":193,"column":14},"skip":true}},"branchMap":{"1":{"line":25,"type":"binary-expr","locations":[{"start":{"line":25,"column":23},"end":{"line":25,"column":62}},{"start":{"line":26,"column":20},"end":{"line":26,"column":70}},{"start":{"line":27,"column":20},"end":{"line":27,"column":71}},{"start":{"line":28,"column":20},"end":{"line":28,"column":29}}]},"2":{"line":30,"type":"binary-expr","locations":[{"start":{"line":30,"column":23},"end":{"line":30,"column":37}},{"start":{"line":31,"column":20},"end":{"line":31,"column":61}},{"start":{"line":32,"column":20},"end":{"line":32,"column":70}},{"start":{"line":33,"column":20},"end":{"line":33,"column":26}}]},"3":{"line":37,"type":"cond-expr","locations":[{"start":{"line":38,"column":14},"end":{"line":38,"column":20}},{"start":{"line":39,"column":14},"end":{"line":39,"column":20}}]},"4":{"line":40,"type":"switch","locations":[{"start":{"line":42,"column":8},"end":{"line":47,"column":18}},{"start":{"line":49,"column":8},"end":{"line":52,"column":18}}]},"5":{"line":44,"type":"binary-expr","locations":[{"start":{"line":44,"column":16},"end":{"line":44,"column":44}},{"start":{"line":44,"column":48},"end":{"line":44,"column":66}}]},"6":{"line":50,"type":"binary-expr","locations":[{"start":{"line":50,"column":21},"end":{"line":50,"column":49}},{"start":{"line":50,"column":53},"end":{"line":50,"column":72}}]},"7":{"line":64,"type":"switch","locations":[{"start":{"line":69,"column":4},"end":{"line":70,"column":14}},{"start":{"line":75,"column":4},"end":{"line":76,"column":14}}]},"8":{"line":85,"type":"switch","locations":[{"start":{"line":90,"column":4},"end":{"line":105,"column":14}},{"start":{"line":111,"column":4},"end":{"line":193,"column":14},"skip":true}]},"9":{"line":91,"type":"binary-expr","locations":[{"start":{"line":91,"column":42},"end":{"line":91,"column":73}},{"start":{"line":91,"column":77},"end":{"line":99,"column":9}}]},"10":{"line":102,"type":"binary-expr","locations":[{"start":{"line":102,"column":18},"end":{"line":102,"column":32}},{"start":{"line":103,"column":12},"end":{"line":103,"column":53}},{"start":{"line":104,"column":12},"end":{"line":104,"column":61}}]},"11":{"line":112,"type":"binary-expr","locations":[{"start":{"line":112,"column":45},"end":{"line":112,"column":79},"skip":true},{"start":{"line":112,"column":83},"end":{"line":121,"column":9},"skip":true}]},"12":{"line":123,"type":"binary-expr","locations":[{"start":{"line":123,"column":42},"end":{"line":123,"column":73},"skip":true},{"start":{"line":123,"column":77},"end":{"line":136,"column":9},"skip":true}]},"13":{"line":138,"type":"binary-expr","locations":[{"start":{"line":138,"column":48},"end":{"line":138,"column":85},"skip":true},{"start":{"line":139,"column":12},"end":{"line":145,"column":13},"skip":true}]},"14":{"line":147,"type":"binary-expr","locations":[{"start":{"line":147,"column":42},"end":{"line":147,"column":73},"skip":true},{"start":{"line":147,"column":77},"end":{"line":156,"column":9},"skip":true}]},"15":{"line":158,"type":"binary-expr","locations":[{"start":{"line":158,"column":45},"end":{"line":158,"column":79},"skip":true},{"start":{"line":158,"column":83},"end":{"line":167,"column":9},"skip":true}]},"16":{"line":169,"type":"binary-expr","locations":[{"start":{"line":169,"column":43},"end":{"line":169,"column":75},"skip":true},{"start":{"line":169,"column":79},"end":{"line":178,"column":9},"skip":true}]},"17":{"line":180,"type":"binary-expr","locations":[{"start":{"line":180,"column":41},"end":{"line":180,"column":71},"skip":true},{"start":{"line":180,"column":75},"end":{"line":189,"column":9},"skip":true}]}},"code":["/* istanbul instrument in package npmtest_frisby */","/*jslint","    bitwise: true,","    browser: true,","    maxerr: 8,","    maxlen: 96,","    node: true,","    nomen: true,","    regexp: true,","    stupid: true","*/","(function () {","    'use strict';","    var local;","","","","    // run shared js-env code - pre-init","    (function () {","        // init local","        local = {};","        // init modeJs","        local.modeJs = (function () {","            try {","                return typeof navigator.userAgent === 'string' &&","                    typeof document.querySelector('body') === 'object' &&","                    typeof XMLHttpRequest.prototype.open === 'function' &&","                    'browser';","            } catch (errorCaughtBrowser) {","                return module.exports &&","                    typeof process.versions.node === 'string' &&","                    typeof require('http').createServer === 'function' &&","                    'node';","            }","        }());","        // init global","        local.global = local.modeJs === 'browser'","            ? window","            : global;","        switch (local.modeJs) {","        // re-init local from window.local","        case 'browser':","            local = local.global.utility2.objectSetDefault(","                local.global.utility2_rollup || local.global.local,","                local.global.utility2","            );","            break;","        // re-init local from example.js","        case 'node':","            local = (local.global.utility2_rollup || require('utility2'))","                .requireExampleJsFromReadme();","            break;","        }","        // export local","        local.global.local = local;","    }());","","","","    // run shared js-env code - function","    (function () {","        return;","    }());","    switch (local.modeJs) {","","","","    // run browser js-env code - function","    case 'browser':","        break;","","","","    // run node js-env code - function","    case 'node':","        break;","    }","","","","    // run shared js-env code - post-init","    (function () {","        return;","    }());","    switch (local.modeJs) {","","","","    // run browser js-env code - post-init","    case 'browser':","        local.testCase_browser_nullCase = local.testCase_browser_nullCase || function (","            options,","            onError","        ) {","        /*","         * this function will test browsers's null-case handling-behavior-behavior","         */","            onError(null, options);","        };","","        // run tests","        local.nop(local.modeTest &&","            document.querySelector('#testRunButton1') &&","            document.querySelector('#testRunButton1').click());","        break;","","","","    // run node js-env code - post-init","    /* istanbul ignore next */","    case 'node':","        local.testCase_buildApidoc_default = local.testCase_buildApidoc_default || function (","            options,","            onError","        ) {","        /*","         * this function will test buildApidoc's default handling-behavior-behavior","         */","            options = { modulePathList: module.paths };","            local.buildApidoc(options, onError);","        };","","        local.testCase_buildApp_default = local.testCase_buildApp_default || function (","            options,","            onError","        ) {","        /*","         * this function will test buildApp's default handling-behavior-behavior","         */","            local.testCase_buildReadme_default(options, local.onErrorThrow);","            local.testCase_buildLib_default(options, local.onErrorThrow);","            local.testCase_buildTest_default(options, local.onErrorThrow);","            local.testCase_buildCustomOrg_default(options, local.onErrorThrow);","            options = [];","            local.buildApp(options, onError);","        };","","        local.testCase_buildCustomOrg_default = local.testCase_buildCustomOrg_default ||","            function (options, onError) {","            /*","             * this function will test buildCustomOrg's default handling-behavior","             */","                options = {};","                local.buildCustomOrg(options, onError);","            };","","        local.testCase_buildLib_default = local.testCase_buildLib_default || function (","            options,","            onError","        ) {","        /*","         * this function will test buildLib's default handling-behavior","         */","            options = {};","            local.buildLib(options, onError);","        };","","        local.testCase_buildReadme_default = local.testCase_buildReadme_default || function (","            options,","            onError","        ) {","        /*","         * this function will test buildReadme's default handling-behavior-behavior","         */","            options = {};","            local.buildReadme(options, onError);","        };","","        local.testCase_buildTest_default = local.testCase_buildTest_default || function (","            options,","            onError","        ) {","        /*","         * this function will test buildTest's default handling-behavior","         */","            options = {};","            local.buildTest(options, onError);","        };","","        local.testCase_webpage_default = local.testCase_webpage_default || function (","            options,","            onError","        ) {","        /*","         * this function will test webpage's default handling-behavior","         */","            options = { modeCoverageMerge: true, url: local.serverLocalHost + '?modeTest=1' };","            local.browserTest(options, onError);","        };","","        // run test-server","        local.testRunServer(local);","        break;","    }","}());",""],"l":{"12":2,"14":2,"19":2,"21":2,"23":2,"24":2,"25":2,"30":1,"37":2,"40":2,"43":1,"47":1,"50":1,"52":1,"55":2,"61":2,"62":2,"64":2,"70":1,"76":1,"82":2,"83":2,"85":2,"91":1,"98":1,"102":1,"105":1,"112":1,"119":1,"120":1,"123":1,"130":1,"131":1,"132":1,"133":1,"134":1,"135":1,"138":1,"143":2,"144":2,"147":1,"154":2,"155":2,"158":1,"165":2,"166":2,"169":1,"176":2,"177":2,"180":1,"187":1,"188":1,"192":1,"193":1}},"/home/travis/build/npmtest/node-npmtest-frisby/lib.npmtest_frisby.js":{"path":"/home/travis/build/npmtest/node-npmtest-frisby/lib.npmtest_frisby.js","s":{"1":2,"2":2,"3":2,"4":2,"5":2,"6":2,"7":2,"8":1,"9":2,"10":2,"11":2,"12":2,"13":1,"14":1,"15":1,"16":1},"b":{"1":[2,1,1,1],"2":[1,1,1,1],"3":[1,1],"4":[2,2],"5":[1,1]},"f":{"1":2,"2":2,"3":2},"fnMap":{"1":{"name":"(anonymous_1)","line":12,"loc":{"start":{"line":12,"column":1},"end":{"line":12,"column":13}}},"2":{"name":"(anonymous_2)","line":19,"loc":{"start":{"line":19,"column":5},"end":{"line":19,"column":17}}},"3":{"name":"(anonymous_3)","line":23,"loc":{"start":{"line":23,"column":24},"end":{"line":23,"column":36}}}},"statementMap":{"1":{"start":{"line":12,"column":0},"end":{"line":53,"column":5}},"2":{"start":{"line":14,"column":4},"end":{"line":14,"column":14}},"3":{"start":{"line":19,"column":4},"end":{"line":52,"column":9}},"4":{"start":{"line":21,"column":8},"end":{"line":21,"column":19}},"5":{"start":{"line":23,"column":8},"end":{"line":35,"column":13}},"6":{"start":{"line":24,"column":12},"end":{"line":34,"column":13}},"7":{"start":{"line":25,"column":16},"end":{"line":28,"column":30}},"8":{"start":{"line":30,"column":16},"end":{"line":33,"column":27}},"9":{"start":{"line":37,"column":8},"end":{"line":39,"column":21}},"10":{"start":{"line":41,"column":8},"end":{"line":41,"column":54}},"11":{"start":{"line":43,"column":8},"end":{"line":43,"column":51}},"12":{"start":{"line":45,"column":8},"end":{"line":51,"column":9}},"13":{"start":{"line":46,"column":12},"end":{"line":46,"column":57}},"14":{"start":{"line":48,"column":12},"end":{"line":48,"column":35}},"15":{"start":{"line":49,"column":12},"end":{"line":49,"column":49}},"16":{"start":{"line":50,"column":12},"end":{"line":50,"column":43}}},"branchMap":{"1":{"line":25,"type":"binary-expr","locations":[{"start":{"line":25,"column":23},"end":{"line":25,"column":62}},{"start":{"line":26,"column":20},"end":{"line":26,"column":70}},{"start":{"line":27,"column":20},"end":{"line":27,"column":71}},{"start":{"line":28,"column":20},"end":{"line":28,"column":29}}]},"2":{"line":30,"type":"binary-expr","locations":[{"start":{"line":30,"column":23},"end":{"line":30,"column":37}},{"start":{"line":31,"column":20},"end":{"line":31,"column":61}},{"start":{"line":32,"column":20},"end":{"line":32,"column":70}},{"start":{"line":33,"column":20},"end":{"line":33,"column":26}}]},"3":{"line":37,"type":"cond-expr","locations":[{"start":{"line":38,"column":14},"end":{"line":38,"column":20}},{"start":{"line":39,"column":14},"end":{"line":39,"column":20}}]},"4":{"line":41,"type":"binary-expr","locations":[{"start":{"line":41,"column":16},"end":{"line":41,"column":44}},{"start":{"line":41,"column":48},"end":{"line":41,"column":53}}]},"5":{"line":45,"type":"if","locations":[{"start":{"line":45,"column":8},"end":{"line":45,"column":8}},{"start":{"line":45,"column":8},"end":{"line":45,"column":8}}]}},"code":["/* istanbul instrument in package npmtest_frisby */","/*jslint","    bitwise: true,","    browser: true,","    maxerr: 8,","    maxlen: 96,","    node: true,","    nomen: true,","    regexp: true,","    stupid: true","*/","(function () {","    'use strict';","    var local;","","","","    // run shared js-env code - pre-init","    (function () {","        // init local","        local = {};","        // init modeJs","        local.modeJs = (function () {","            try {","                return typeof navigator.userAgent === 'string' &&","                    typeof document.querySelector('body') === 'object' &&","                    typeof XMLHttpRequest.prototype.open === 'function' &&","                    'browser';","            } catch (errorCaughtBrowser) {","                return module.exports &&","                    typeof process.versions.node === 'string' &&","                    typeof require('http').createServer === 'function' &&","                    'node';","            }","        }());","        // init global","        local.global = local.modeJs === 'browser'","            ? window","            : global;","        // init utility2_rollup","        local = local.global.utility2_rollup || local;","        // init lib","        local.local = local.npmtest_frisby = local;","        // init exports","        if (local.modeJs === 'browser') {","            local.global.utility2_npmtest_frisby = local;","        } else {","            module.exports = local;","            module.exports.__dirname = __dirname;","            module.exports.module = module;","        }","    }());","}());",""],"l":{"12":2,"14":2,"19":2,"21":2,"23":2,"24":2,"25":2,"30":1,"37":2,"41":2,"43":2,"45":2,"46":1,"48":1,"49":1,"50":1}},"/home/travis/build/npmtest/node-npmtest-frisby/example.js":{"path":"/home/travis/build/npmtest/node-npmtest-frisby/example.js","s":{"1":2,"2":2,"3":2,"4":2,"5":2,"6":2,"7":2,"8":1,"9":2,"10":2,"11":2,"12":2,"13":1,"14":2,"15":2,"16":2,"17":2,"18":2,"19":0,"20":2,"21":1,"22":1,"23":1,"24":1,"25":1,"26":0,"27":0,"28":1,"29":1,"30":2,"31":0,"32":0,"33":0,"34":1,"35":2,"36":2,"37":3,"38":3,"39":3,"40":3,"41":0,"42":3,"43":3,"44":3,"45":1,"46":3,"47":1,"48":1,"49":1,"50":1,"51":1,"52":1,"53":1,"54":1,"55":1,"56":1,"57":0,"58":1,"59":6,"60":6,"61":1,"62":2,"63":0,"64":2,"65":1,"66":1,"67":0,"68":0,"69":0,"70":0,"71":0,"72":0,"73":0,"74":0,"75":0,"76":0,"77":0,"78":0,"79":0,"80":0,"81":0,"82":0,"83":0},"b":{"1":[2,1,1,1],"2":[1,1,1,1],"3":[1,1],"4":[2,2],"5":[1,1],"6":[1,1],"7":[2,0],"8":[2,1,1,1,1,1],"9":[0,2,0],"10":[1,1],"11":[2,1,1],"12":[1,0],"13":[0,2],"14":[2,0,0,0,0,0,0],"15":[0,3],"16":[3,0],"17":[1,1],"18":[0,1],"19":[1,2,0,2],"20":[1,0],"21":[1,1],"22":[0,0],"23":[0,0],"24":[0,0],"25":[0,0],"26":[0,0],"27":[0,0],"28":[0,0]},"f":{"1":2,"2":2,"3":2,"4":2,"5":2,"6":2,"7":3,"8":3,"9":3,"10":1,"11":6,"12":0},"fnMap":{"1":{"name":"(anonymous_1)","line":26,"loc":{"start":{"line":26,"column":1},"end":{"line":26,"column":13}}},"2":{"name":"(anonymous_2)","line":33,"loc":{"start":{"line":33,"column":5},"end":{"line":33,"column":17}}},"3":{"name":"(anonymous_3)","line":37,"loc":{"start":{"line":37,"column":24},"end":{"line":37,"column":36}}},"4":{"name":"(anonymous_4)","line":69,"loc":{"start":{"line":69,"column":31},"end":{"line":69,"column":48}},"skip":true},"5":{"name":"(anonymous_5)","line":78,"loc":{"start":{"line":78,"column":26},"end":{"line":78,"column":45}},"skip":true},"6":{"name":"(anonymous_6)","line":123,"loc":{"start":{"line":123,"column":33},"end":{"line":123,"column":48}},"skip":true},"7":{"name":"(anonymous_7)","line":125,"loc":{"start":{"line":125,"column":27},"end":{"line":125,"column":39}},"skip":true},"8":{"name":"(anonymous_8)","line":133,"loc":{"start":{"line":133,"column":59},"end":{"line":133,"column":74}},"skip":true},"9":{"name":"(anonymous_9)","line":143,"loc":{"start":{"line":143,"column":45},"end":{"line":143,"column":62}},"skip":true},"10":{"name":"(anonymous_10)","line":144,"loc":{"start":{"line":144,"column":73},"end":{"line":144,"column":92}},"skip":true},"11":{"name":"(anonymous_11)","line":272,"loc":{"start":{"line":272,"column":51},"end":{"line":272,"column":77}},"skip":true},"12":{"name":"(anonymous_12)","line":315,"loc":{"start":{"line":315,"column":32},"end":{"line":315,"column":61}},"skip":true}},"statementMap":{"1":{"start":{"line":26,"column":0},"end":{"line":326,"column":5}},"2":{"start":{"line":28,"column":4},"end":{"line":28,"column":14}},"3":{"start":{"line":33,"column":4},"end":{"line":60,"column":9}},"4":{"start":{"line":35,"column":8},"end":{"line":35,"column":19}},"5":{"start":{"line":37,"column":8},"end":{"line":49,"column":13}},"6":{"start":{"line":38,"column":12},"end":{"line":48,"column":13}},"7":{"start":{"line":39,"column":16},"end":{"line":42,"column":30}},"8":{"start":{"line":44,"column":16},"end":{"line":47,"column":27}},"9":{"start":{"line":51,"column":8},"end":{"line":53,"column":21}},"10":{"start":{"line":55,"column":8},"end":{"line":57,"column":45}},"11":{"start":{"line":59,"column":8},"end":{"line":59,"column":35}},"12":{"start":{"line":61,"column":4},"end":{"line":325,"column":5}},"13":{"start":{"line":69,"column":8},"end":{"line":121,"column":10},"skip":true},"14":{"start":{"line":70,"column":12},"end":{"line":88,"column":13},"skip":true},"15":{"start":{"line":76,"column":16},"end":{"line":87,"column":19},"skip":true},"16":{"start":{"line":79,"column":20},"end":{"line":86,"column":21},"skip":true},"17":{"start":{"line":82,"column":24},"end":{"line":82,"column":43},"skip":true},"18":{"start":{"line":83,"column":24},"end":{"line":83,"column":30},"skip":true},"19":{"start":{"line":85,"column":24},"end":{"line":85,"column":49},"skip":true},"20":{"start":{"line":89,"column":12},"end":{"line":107,"column":13},"skip":true},"21":{"start":{"line":92,"column":16},"end":{"line":102,"column":17},"skip":true},"22":{"start":{"line":93,"column":20},"end":{"line":93,"column":86},"skip":true},"23":{"start":{"line":94,"column":20},"end":{"line":95,"column":45},"skip":true},"24":{"start":{"line":96,"column":20},"end":{"line":96,"column":42},"skip":true},"25":{"start":{"line":97,"column":20},"end":{"line":97,"column":48},"skip":true},"26":{"start":{"line":100,"column":20},"end":{"line":100,"column":85},"skip":true},"27":{"start":{"line":101,"column":20},"end":{"line":101,"column":96},"skip":true},"28":{"start":{"line":103,"column":16},"end":{"line":103,"column":22},"skip":true},"29":{"start":{"line":106,"column":16},"end":{"line":106,"column":22},"skip":true},"30":{"start":{"line":108,"column":12},"end":{"line":120,"column":13},"skip":true},"31":{"start":{"line":114,"column":16},"end":{"line":119,"column":17},"skip":true},"32":{"start":{"line":116,"column":20},"end":{"line":116,"column":78},"skip":true},"33":{"start":{"line":118,"column":20},"end":{"line":118,"column":47},"skip":true},"34":{"start":{"line":123,"column":8},"end":{"line":141,"column":11},"skip":true},"35":{"start":{"line":124,"column":12},"end":{"line":124,"column":54},"skip":true},"36":{"start":{"line":125,"column":12},"end":{"line":140,"column":14},"skip":true},"37":{"start":{"line":126,"column":16},"end":{"line":126,"column":28},"skip":true},"38":{"start":{"line":127,"column":16},"end":{"line":127,"column":69},"skip":true},"39":{"start":{"line":128,"column":16},"end":{"line":128,"column":75},"skip":true},"40":{"start":{"line":129,"column":16},"end":{"line":131,"column":17},"skip":true},"41":{"start":{"line":130,"column":20},"end":{"line":130,"column":27},"skip":true},"42":{"start":{"line":133,"column":16},"end":{"line":137,"column":36},"skip":true},"43":{"start":{"line":134,"column":20},"end":{"line":136,"column":55},"skip":true},"44":{"start":{"line":139,"column":16},"end":{"line":139,"column":57},"skip":true},"45":{"start":{"line":143,"column":8},"end":{"line":147,"column":11},"skip":true},"46":{"start":{"line":144,"column":12},"end":{"line":146,"column":15},"skip":true},"47":{"start":{"line":145,"column":16},"end":{"line":145,"column":70},"skip":true},"48":{"start":{"line":149,"column":8},"end":{"line":149,"column":31},"skip":true},"49":{"start":{"line":150,"column":8},"end":{"line":150,"column":14},"skip":true},"50":{"start":{"line":158,"column":8},"end":{"line":158,"column":31},"skip":true},"51":{"start":{"line":160,"column":8},"end":{"line":160,"column":33},"skip":true},"52":{"start":{"line":161,"column":8},"end":{"line":161,"column":37},"skip":true},"53":{"start":{"line":162,"column":8},"end":{"line":162,"column":35},"skip":true},"54":{"start":{"line":164,"column":8},"end":{"line":164,"column":50},"skip":true},"55":{"start":{"line":166,"column":8},"end":{"line":256,"column":2},"skip":true},"56":{"start":{"line":258,"column":8},"end":{"line":286,"column":9},"skip":true},"57":{"start":{"line":259,"column":12},"end":{"line":269,"column":14},"skip":true},"58":{"start":{"line":271,"column":12},"end":{"line":285,"column":19},"skip":true},"59":{"start":{"line":274,"column":20},"end":{"line":274,"column":35},"skip":true},"60":{"start":{"line":275,"column":20},"end":{"line":284,"column":21},"skip":true},"61":{"start":{"line":277,"column":24},"end":{"line":277,"column":64},"skip":true},"62":{"start":{"line":279,"column":24},"end":{"line":279,"column":40},"skip":true},"63":{"start":{"line":281,"column":24},"end":{"line":281,"column":40},"skip":true},"64":{"start":{"line":283,"column":24},"end":{"line":283,"column":39},"skip":true},"65":{"start":{"line":288,"column":8},"end":{"line":290,"column":9},"skip":true},"66":{"start":{"line":289,"column":12},"end":{"line":289,"column":18},"skip":true},"67":{"start":{"line":291,"column":8},"end":{"line":293,"column":54},"skip":true},"68":{"start":{"line":296,"column":8},"end":{"line":301,"column":37},"skip":true},"69":{"start":{"line":303,"column":8},"end":{"line":303,"column":82},"skip":true},"70":{"start":{"line":306,"column":8},"end":{"line":308,"column":9},"skip":true},"71":{"start":{"line":307,"column":12},"end":{"line":307,"column":82},"skip":true},"72":{"start":{"line":310,"column":8},"end":{"line":312,"column":9},"skip":true},"73":{"start":{"line":311,"column":12},"end":{"line":311,"column":18},"skip":true},"74":{"start":{"line":313,"column":8},"end":{"line":313,"column":54},"skip":true},"75":{"start":{"line":314,"column":8},"end":{"line":314,"column":69},"skip":true},"76":{"start":{"line":315,"column":8},"end":{"line":323,"column":36},"skip":true},"77":{"start":{"line":316,"column":12},"end":{"line":316,"column":61},"skip":true},"78":{"start":{"line":317,"column":12},"end":{"line":320,"column":13},"skip":true},"79":{"start":{"line":318,"column":16},"end":{"line":318,"column":75},"skip":true},"80":{"start":{"line":319,"column":16},"end":{"line":319,"column":23},"skip":true},"81":{"start":{"line":321,"column":12},"end":{"line":321,"column":38},"skip":true},"82":{"start":{"line":322,"column":12},"end":{"line":322,"column":27},"skip":true},"83":{"start":{"line":324,"column":8},"end":{"line":324,"column":14},"skip":true}},"branchMap":{"1":{"line":39,"type":"binary-expr","locations":[{"start":{"line":39,"column":23},"end":{"line":39,"column":62}},{"start":{"line":40,"column":20},"end":{"line":40,"column":70}},{"start":{"line":41,"column":20},"end":{"line":41,"column":71}},{"start":{"line":42,"column":20},"end":{"line":42,"column":29}}]},"2":{"line":44,"type":"binary-expr","locations":[{"start":{"line":44,"column":23},"end":{"line":44,"column":37}},{"start":{"line":45,"column":20},"end":{"line":45,"column":61}},{"start":{"line":46,"column":20},"end":{"line":46,"column":70}},{"start":{"line":47,"column":20},"end":{"line":47,"column":26}}]},"3":{"line":51,"type":"cond-expr","locations":[{"start":{"line":52,"column":14},"end":{"line":52,"column":20}},{"start":{"line":53,"column":14},"end":{"line":53,"column":20}}]},"4":{"line":55,"type":"binary-expr","locations":[{"start":{"line":55,"column":16},"end":{"line":55,"column":44}},{"start":{"line":55,"column":49},"end":{"line":57,"column":43}}]},"5":{"line":55,"type":"cond-expr","locations":[{"start":{"line":56,"column":14},"end":{"line":56,"column":50}},{"start":{"line":57,"column":14},"end":{"line":57,"column":43}}]},"6":{"line":61,"type":"switch","locations":[{"start":{"line":68,"column":4},"end":{"line":150,"column":14},"skip":true},{"start":{"line":156,"column":4},"end":{"line":324,"column":14},"skip":true}]},"7":{"line":70,"type":"if","locations":[{"start":{"line":70,"column":12},"end":{"line":70,"column":12},"skip":true},{"start":{"line":70,"column":12},"end":{"line":70,"column":12},"skip":true}]},"8":{"line":70,"type":"binary-expr","locations":[{"start":{"line":70,"column":16},"end":{"line":70,"column":22},"skip":true},{"start":{"line":70,"column":27},"end":{"line":70,"column":32},"skip":true},{"start":{"line":71,"column":20},"end":{"line":71,"column":39},"skip":true},{"start":{"line":72,"column":20},"end":{"line":72,"column":49},"skip":true},{"start":{"line":73,"column":20},"end":{"line":73,"column":58},"skip":true},{"start":{"line":74,"column":20},"end":{"line":74,"column":69},"skip":true}]},"9":{"line":79,"type":"switch","locations":[{"start":{"line":80,"column":20},"end":{"line":80,"column":33},"skip":true},{"start":{"line":81,"column":20},"end":{"line":83,"column":30},"skip":true},{"start":{"line":84,"column":20},"end":{"line":85,"column":49},"skip":true}]},"10":{"line":89,"type":"switch","locations":[{"start":{"line":90,"column":12},"end":{"line":103,"column":22},"skip":true},{"start":{"line":105,"column":12},"end":{"line":106,"column":22},"skip":true}]},"11":{"line":89,"type":"binary-expr","locations":[{"start":{"line":89,"column":20},"end":{"line":89,"column":25},"skip":true},{"start":{"line":89,"column":29},"end":{"line":89,"column":48},"skip":true},{"start":{"line":89,"column":52},"end":{"line":89,"column":74},"skip":true}]},"12":{"line":92,"type":"if","locations":[{"start":{"line":92,"column":16},"end":{"line":92,"column":16},"skip":true},{"start":{"line":92,"column":16},"end":{"line":92,"column":16},"skip":true}]},"13":{"line":108,"type":"if","locations":[{"start":{"line":108,"column":12},"end":{"line":108,"column":12},"skip":true},{"start":{"line":108,"column":12},"end":{"line":108,"column":12},"skip":true}]},"14":{"line":108,"type":"binary-expr","locations":[{"start":{"line":108,"column":16},"end":{"line":108,"column":61},"skip":true},{"start":{"line":108,"column":66},"end":{"line":108,"column":72},"skip":true},{"start":{"line":108,"column":77},"end":{"line":108,"column":82},"skip":true},{"start":{"line":109,"column":20},"end":{"line":109,"column":39},"skip":true},{"start":{"line":110,"column":20},"end":{"line":110,"column":49},"skip":true},{"start":{"line":111,"column":20},"end":{"line":111,"column":58},"skip":true},{"start":{"line":112,"column":20},"end":{"line":112,"column":68},"skip":true}]},"15":{"line":129,"type":"if","locations":[{"start":{"line":129,"column":16},"end":{"line":129,"column":16},"skip":true},{"start":{"line":129,"column":16},"end":{"line":129,"column":16},"skip":true}]},"16":{"line":134,"type":"cond-expr","locations":[{"start":{"line":135,"column":26},"end":{"line":135,"column":29},"skip":true},{"start":{"line":136,"column":26},"end":{"line":136,"column":54},"skip":true}]},"17":{"line":164,"type":"binary-expr","locations":[{"start":{"line":164,"column":27},"end":{"line":164,"column":43},"skip":true},{"start":{"line":164,"column":47},"end":{"line":164,"column":49},"skip":true}]},"18":{"line":258,"type":"if","locations":[{"start":{"line":258,"column":8},"end":{"line":258,"column":8},"skip":true},{"start":{"line":258,"column":8},"end":{"line":258,"column":8},"skip":true}]},"19":{"line":275,"type":"switch","locations":[{"start":{"line":276,"column":20},"end":{"line":277,"column":64},"skip":true},{"start":{"line":278,"column":20},"end":{"line":279,"column":40},"skip":true},{"start":{"line":280,"column":20},"end":{"line":281,"column":40},"skip":true},{"start":{"line":282,"column":20},"end":{"line":283,"column":39},"skip":true}]},"20":{"line":288,"type":"if","locations":[{"start":{"line":288,"column":8},"end":{"line":288,"column":8},"skip":true},{"start":{"line":288,"column":8},"end":{"line":288,"column":8},"skip":true}]},"21":{"line":288,"type":"binary-expr","locations":[{"start":{"line":288,"column":12},"end":{"line":288,"column":40},"skip":true},{"start":{"line":288,"column":44},"end":{"line":288,"column":67},"skip":true}]},"22":{"line":292,"type":"binary-expr","locations":[{"start":{"line":292,"column":12},"end":{"line":292,"column":50},"skip":true},{"start":{"line":293,"column":12},"end":{"line":293,"column":53},"skip":true}]},"23":{"line":297,"type":"binary-expr","locations":[{"start":{"line":297,"column":12},"end":{"line":297,"column":64},"skip":true},{"start":{"line":298,"column":12},"end":{"line":301,"column":36},"skip":true}]},"24":{"line":303,"type":"binary-expr","locations":[{"start":{"line":303,"column":43},"end":{"line":303,"column":75},"skip":true},{"start":{"line":303,"column":79},"end":{"line":303,"column":81},"skip":true}]},"25":{"line":306,"type":"if","locations":[{"start":{"line":306,"column":8},"end":{"line":306,"column":8},"skip":true},{"start":{"line":306,"column":8},"end":{"line":306,"column":8},"skip":true}]},"26":{"line":310,"type":"if","locations":[{"start":{"line":310,"column":8},"end":{"line":310,"column":8},"skip":true},{"start":{"line":310,"column":8},"end":{"line":310,"column":8},"skip":true}]},"27":{"line":313,"type":"binary-expr","locations":[{"start":{"line":313,"column":27},"end":{"line":313,"column":43},"skip":true},{"start":{"line":313,"column":47},"end":{"line":313,"column":53},"skip":true}]},"28":{"line":317,"type":"if","locations":[{"start":{"line":317,"column":12},"end":{"line":317,"column":12},"skip":true},{"start":{"line":317,"column":12},"end":{"line":317,"column":12},"skip":true}]}},"code":["/*","example.js","","quickstart example","","instruction","    1. save this script as example.js","    2. run the shell command:","        $ npm install npmtest-frisby && PORT=8081 node example.js","    3. play with the browser-demo on http://127.0.0.1:8081","*/","","","","/* istanbul instrument in package npmtest_frisby */","/*jslint","    bitwise: true,","    browser: true,","    maxerr: 8,","    maxlen: 96,","    node: true,","    nomen: true,","    regexp: true,","    stupid: true","*/","(function () {","    'use strict';","    var local;","","","","    // run shared js-env code - pre-init","    (function () {","        // init local","        local = {};","        // init modeJs","        local.modeJs = (function () {","            try {","                return typeof navigator.userAgent === 'string' &&","                    typeof document.querySelector('body') === 'object' &&","                    typeof XMLHttpRequest.prototype.open === 'function' &&","                    'browser';","            } catch (errorCaughtBrowser) {","                return module.exports &&","                    typeof process.versions.node === 'string' &&","                    typeof require('http').createServer === 'function' &&","                    'node';","            }","        }());","        // init global","        local.global = local.modeJs === 'browser'","            ? window","            : global;","        // init utility2_rollup","        local = local.global.utility2_rollup || (local.modeJs === 'browser'","            ? local.global.utility2_npmtest_frisby","            : global.utility2_moduleExports);","        // export local","        local.global.local = local;","    }());","    switch (local.modeJs) {","","","","    // post-init","    // run browser js-env code - post-init","    /* istanbul ignore next */","    case 'browser':","        local.testRunBrowser = function (event) {","            if (!event || (event &&","                    event.currentTarget &&","                    event.currentTarget.className &&","                    event.currentTarget.className.includes &&","                    event.currentTarget.className.includes('onreset'))) {","                // reset output","                Array.from(","                    document.querySelectorAll('body > .resettable')","                ).forEach(function (element) {","                    switch (element.tagName) {","                    case 'INPUT':","                    case 'TEXTAREA':","                        element.value = '';","                        break;","                    default:","                        element.textContent = '';","                    }","                });","            }","            switch (event && event.currentTarget && event.currentTarget.id) {","            case 'testRunButton1':","                // show tests","                if (document.querySelector('#testReportDiv1').style.display === 'none') {","                    document.querySelector('#testReportDiv1').style.display = 'block';","                    document.querySelector('#testRunButton1').textContent =","                        'hide internal test';","                    local.modeTest = true;","                    local.testRunDefault(local);","                // hide tests","                } else {","                    document.querySelector('#testReportDiv1').style.display = 'none';","                    document.querySelector('#testRunButton1').textContent = 'run internal test';","                }","                break;","            // custom-case","            default:","                break;","            }","            if (document.querySelector('#inputTextareaEval1') && (!event || (event &&","                    event.currentTarget &&","                    event.currentTarget.className &&","                    event.currentTarget.className.includes &&","                    event.currentTarget.className.includes('oneval')))) {","                // try to eval input-code","                try {","                    /*jslint evil: true*/","                    eval(document.querySelector('#inputTextareaEval1').value);","                } catch (errorCaught) {","                    console.error(errorCaught);","                }","            }","        };","        // log stderr and stdout to #outputTextareaStdout1","        ['error', 'log'].forEach(function (key) {","            console[key + '_original'] = console[key];","            console[key] = function () {","                var element;","                console[key + '_original'].apply(console, arguments);","                element = document.querySelector('#outputTextareaStdout1');","                if (!element) {","                    return;","                }","                // append text to #outputTextareaStdout1","                element.value += Array.from(arguments).map(function (arg) {","                    return typeof arg === 'string'","                        ? arg","                        : JSON.stringify(arg, null, 4);","                }).join(' ') + '\\n';","                // scroll textarea to bottom","                element.scrollTop = element.scrollHeight;","            };","        });","        // init event-handling","        ['change', 'click', 'keyup'].forEach(function (event) {","            Array.from(document.querySelectorAll('.on' + event)).forEach(function (element) {","                element.addEventListener(event, local.testRunBrowser);","            });","        });","        // run tests","        local.testRunBrowser();","        break;","","","","    // run node js-env code - post-init","    /* istanbul ignore next */","    case 'node':","        // export local","        module.exports = local;","        // require modules","        local.fs = require('fs');","        local.http = require('http');","        local.url = require('url');","        // init assets","        local.assetsDict = local.assetsDict || {};","        /* jslint-ignore-begin */","        local.assetsDict['/assets.index.template.html'] = '\\","<!doctype html>\\n\\","<html lang=\"en\">\\n\\","<head>\\n\\","<meta charset=\"UTF-8\">\\n\\","<meta name=\"viewport\" content=\"width=device-width, initial-scale=1\">\\n\\","<title>{{env.npm_package_name}} (v{{env.npm_package_version}})</title>\\n\\","<style>\\n\\","/*csslint\\n\\","    box-sizing: false,\\n\\","    universal-selector: false\\n\\","*/\\n\\","* {\\n\\","    box-sizing: border-box;\\n\\","}\\n\\","body {\\n\\","    background: #dde;\\n\\","    font-family: Arial, Helvetica, sans-serif;\\n\\","    margin: 2rem;\\n\\","}\\n\\","body > * {\\n\\","    margin-bottom: 1rem;\\n\\","}\\n\\",".utility2FooterDiv {\\n\\","    margin-top: 20px;\\n\\","    text-align: center;\\n\\","}\\n\\","</style>\\n\\","<style>\\n\\","/*csslint\\n\\","*/\\n\\","textarea {\\n\\","    font-family: monospace;\\n\\","    height: 10rem;\\n\\","    width: 100%;\\n\\","}\\n\\","textarea[readonly] {\\n\\","    background: #ddd;\\n\\","}\\n\\","</style>\\n\\","</head>\\n\\","<body>\\n\\","<!-- utility2-comment\\n\\","<div id=\"ajaxProgressDiv1\" style=\"background: #d00; height: 2px; left: 0; margin: 0; padding: 0; position: fixed; top: 0; transition: background 0.5s, width 1.5s; width: 25%;\"></div>\\n\\","utility2-comment -->\\n\\","<h1>\\n\\","<!-- utility2-comment\\n\\","    <a\\n\\","        {{#if env.npm_package_homepage}}\\n\\","        href=\"{{env.npm_package_homepage}}\"\\n\\","        {{/if env.npm_package_homepage}}\\n\\","        target=\"_blank\"\\n\\","    >\\n\\","utility2-comment -->\\n\\","        {{env.npm_package_name}} (v{{env.npm_package_version}})\\n\\","<!-- utility2-comment\\n\\","    </a>\\n\\","utility2-comment -->\\n\\","</h1>\\n\\","<h3>{{env.npm_package_description}}</h3>\\n\\","<!-- utility2-comment\\n\\","<h4><a download href=\"assets.app.js\">download standalone app</a></h4>\\n\\","<button class=\"onclick onreset\" id=\"testRunButton1\">run internal test</button><br>\\n\\","<div id=\"testReportDiv1\" style=\"display: none;\"></div>\\n\\","utility2-comment -->\\n\\","\\n\\","\\n\\","\\n\\","<label>stderr and stdout</label>\\n\\","<textarea class=\"resettable\" id=\"outputTextareaStdout1\" readonly></textarea>\\n\\","<!-- utility2-comment\\n\\","{{#if isRollup}}\\n\\","<script src=\"assets.app.js\"></script>\\n\\","{{#unless isRollup}}\\n\\","utility2-comment -->\\n\\","<script src=\"assets.utility2.rollup.js\"></script>\\n\\","<script src=\"jsonp.utility2._stateInit?callback=window.utility2._stateInit\"></script>\\n\\","<script src=\"assets.npmtest_frisby.rollup.js\"></script>\\n\\","<script src=\"assets.example.js\"></script>\\n\\","<script src=\"assets.test.js\"></script>\\n\\","<!-- utility2-comment\\n\\","{{/if isRollup}}\\n\\","utility2-comment -->\\n\\","<div class=\"utility2FooterDiv\">\\n\\","    [ this app was created with\\n\\","    <a href=\"https://github.com/kaizhu256/node-utility2\" target=\"_blank\">utility2</a>\\n\\","    ]\\n\\","</div>\\n\\","</body>\\n\\","</html>\\n\\","';","        /* jslint-ignore-end */","        if (local.templateRender) {","            local.assetsDict['/'] = local.templateRender(","                local.assetsDict['/assets.index.template.html'],","                {","                    env: local.objectSetDefault(local.env, {","                        npm_package_description: 'the greatest app in the world!',","                        npm_package_name: 'my-app',","                        npm_package_nameAlias: 'my_app',","                        npm_package_version: '0.0.1'","                    })","                }","            );","        } else {","            local.assetsDict['/'] = local.assetsDict['/assets.index.template.html']","                .replace((/\\{\\{env\\.(\\w+?)\\}\\}/g), function (match0, match1) {","                    // jslint-hack","                    String(match0);","                    switch (match1) {","                    case 'npm_package_description':","                        return 'the greatest app in the world!';","                    case 'npm_package_name':","                        return 'my-app';","                    case 'npm_package_nameAlias':","                        return 'my_app';","                    case 'npm_package_version':","                        return '0.0.1';","                    }","                });","        }","        // run the cli","        if (local.global.utility2_rollup || module !== require.main) {","            break;","        }","        local.assetsDict['/assets.example.js'] =","            local.assetsDict['/assets.example.js'] ||","            local.fs.readFileSync(__filename, 'utf8');","        // bug-workaround - long $npm_package_buildCustomOrg","        /* jslint-ignore-begin */","        local.assetsDict['/assets.npmtest_frisby.rollup.js'] =","            local.assetsDict['/assets.npmtest_frisby.rollup.js'] ||","            local.fs.readFileSync(","                local.npmtest_frisby.__dirname + '/lib.npmtest_frisby.js',","                'utf8'","            ).replace((/^#!/), '//');","        /* jslint-ignore-end */","        local.assetsDict['/favicon.ico'] = local.assetsDict['/favicon.ico'] || '';","        // if $npm_config_timeout_exit exists,","        // then exit this process after $npm_config_timeout_exit ms","        if (Number(process.env.npm_config_timeout_exit)) {","            setTimeout(process.exit, Number(process.env.npm_config_timeout_exit));","        }","        // start server","        if (local.global.utility2_serverHttp1) {","            break;","        }","        process.env.PORT = process.env.PORT || '8081';","        console.error('server starting on port ' + process.env.PORT);","        local.http.createServer(function (request, response) {","            request.urlParsed = local.url.parse(request.url);","            if (local.assetsDict[request.urlParsed.pathname] !== undefined) {","                response.end(local.assetsDict[request.urlParsed.pathname]);","                return;","            }","            response.statusCode = 404;","            response.end();","        }).listen(process.env.PORT);","        break;","    }","}());",""],"l":{"26":2,"28":2,"33":2,"35":2,"37":2,"38":2,"39":2,"44":1,"51":2,"55":2,"59":2,"61":2,"69":1,"70":2,"76":2,"79":2,"82":2,"83":2,"85":1,"89":2,"92":1,"93":1,"94":1,"96":1,"97":1,"100":1,"101":1,"103":1,"106":1,"108":2,"114":1,"116":1,"118":1,"123":1,"124":2,"125":2,"126":3,"127":3,"128":3,"129":3,"130":1,"133":3,"134":3,"139":3,"143":1,"144":3,"145":1,"149":1,"150":1,"158":1,"160":1,"161":1,"162":1,"164":1,"166":1,"258":1,"259":1,"271":1,"274":6,"275":6,"277":1,"279":2,"281":1,"283":2,"288":1,"289":1,"291":1,"296":1,"303":1,"306":1,"307":1,"310":1,"311":1,"313":1,"314":1,"315":1,"316":1,"317":1,"318":1,"319":1,"321":1,"322":1,"324":1}},"/home/travis/build/npmtest/node-npmtest-frisby/node_modules/frisby/lib/frisby.js":{"path":"/home/travis/build/npmtest/node-npmtest-frisby/node_modules/frisby/lib/frisby.js","s":{"1":14,"2":14,"3":14,"4":0,"5":0,"6":0,"7":0,"8":0,"9":0,"10":0,"11":0,"12":0,"13":14,"14":0,"15":14,"16":0,"17":0,"18":0,"19":0,"20":0,"21":0,"22":0,"23":0,"24":0,"25":0,"26":0,"27":0,"28":0,"29":0,"30":0,"31":0,"32":0,"33":0,"34":0,"35":0,"36":0,"37":0,"38":0,"39":0,"40":0,"41":0,"42":0,"43":0,"44":0,"45":0,"46":0,"47":0,"48":0,"49":0,"50":0,"51":14,"52":0,"53":0,"54":0,"55":0,"56":0,"57":0,"58":1,"59":0,"60":0,"61":0,"62":0,"63":0,"64":0,"65":0,"66":0,"67":0,"68":0,"69":0,"70":0,"71":14,"72":0,"73":0,"74":0,"75":0,"76":0,"77":14,"78":0,"79":0,"80":14,"81":0,"82":0,"83":14,"84":0,"85":0,"86":14,"87":0,"88":0,"89":0,"90":0,"91":14,"92":0,"93":0,"94":14,"95":0,"96":0,"97":14,"98":0,"99":0,"100":14,"101":0,"102":0,"103":14,"104":0,"105":0,"106":0,"107":14,"108":0,"109":0,"110":14,"111":0,"112":0,"113":14,"114":0,"115":0,"116":14,"117":0,"118":0,"119":14,"120":0,"121":0,"122":0,"123":14,"124":0,"125":0,"126":0,"127":14,"128":0,"129":0,"130":0,"131":0,"132":0,"133":0,"134":0,"135":0,"136":14,"137":0,"138":0,"139":0,"140":0,"141":0,"142":0,"143":0,"144":0,"145":0,"146":0,"147":0,"148":0,"149":0,"150":0,"151":0,"152":0,"153":0,"154":0,"155":0,"156":0,"157":0,"158":0,"159":0,"160":0,"161":0,"162":0,"163":0,"164":0,"165":0,"166":0,"167":0,"168":0,"169":0,"170":0,"171":0,"172":0,"173":0,"174":0,"175":0,"176":0,"177":0,"178":0,"179":0,"180":0,"181":0,"182":0,"183":0,"184":0,"185":14,"186":0,"187":0,"188":0,"189":0,"190":14,"191":0,"192":0,"193":0,"194":0,"195":14,"196":0,"197":0,"198":0,"199":0,"200":0,"201":0,"202":0,"203":14,"204":0,"205":0,"206":0,"207":0,"208":0,"209":0,"210":0,"211":14,"212":0,"213":0,"214":0,"215":0,"216":0,"217":0,"218":0,"219":14,"220":0,"221":0,"222":0,"223":0,"224":0,"225":0,"226":14,"227":0,"228":0,"229":0,"230":0,"231":0,"232":0,"233":0,"234":0,"235":0,"236":0,"237":0,"238":0,"239":0,"240":0,"241":0,"242":0,"243":0,"244":0,"245":0,"246":0,"247":0,"248":0,"249":0,"250":0,"251":0,"252":0,"253":0,"254":0,"255":0,"256":0,"257":0,"258":0,"259":0,"260":0,"261":0,"262":0,"263":0,"264":0,"265":0,"266":14,"267":0,"268":0,"269":0,"270":0,"271":0,"272":0,"273":0,"274":0,"275":0,"276":0,"277":0,"278":0,"279":0,"280":0,"281":0,"282":0,"283":0,"284":0,"285":0,"286":0,"287":0,"288":0,"289":0,"290":0,"291":0,"292":0,"293":0,"294":0,"295":0,"296":0,"297":0,"298":0,"299":0,"300":0,"301":0,"302":0,"303":0,"304":0,"305":14,"306":0,"307":0,"308":0,"309":0,"310":0,"311":0,"312":0,"313":0,"314":0,"315":0,"316":0,"317":0,"318":0,"319":0,"320":0,"321":0,"322":0,"323":0,"324":0,"325":0,"326":0,"327":0,"328":0,"329":0,"330":0,"331":14,"332":0,"333":0,"334":0,"335":0,"336":0,"337":0,"338":0,"339":0,"340":0,"341":0,"342":0,"343":0,"344":0,"345":0,"346":0,"347":0,"348":0,"349":0,"350":0,"351":0,"352":0,"353":0,"354":0,"355":0,"356":0,"357":0,"358":0,"359":0,"360":0,"361":0,"362":0,"363":0,"364":0,"365":0,"366":0,"367":0,"368":0,"369":0,"370":0,"371":0,"372":0,"373":0,"374":0,"375":0,"376":0,"377":0,"378":14,"379":0,"380":0,"381":0,"382":0,"383":14,"384":0,"385":0,"386":0,"387":14,"388":0,"389":0,"390":0,"391":14,"392":0,"393":0,"394":0,"395":14,"396":0,"397":0,"398":0,"399":14,"400":0,"401":0,"402":0,"403":14,"404":0,"405":0,"406":0,"407":0,"408":14,"409":0,"410":0,"411":14,"412":0,"413":0,"414":0,"415":0,"416":14,"417":0,"418":0,"419":0,"420":0,"421":0,"422":14,"423":0,"424":0,"425":0,"426":0,"427":14,"428":0,"429":0,"430":0,"431":14,"432":0,"433":0,"434":0,"435":14,"436":0,"437":0,"438":14,"439":0,"440":0,"441":14,"442":0,"443":0,"444":0,"445":0,"446":0,"447":0,"448":0,"449":0,"450":0,"451":0,"452":0,"453":0,"454":0,"455":0,"456":0,"457":0,"458":0,"459":0,"460":0,"461":0,"462":0,"463":0,"464":0,"465":0,"466":0,"467":0,"468":0,"469":0,"470":0,"471":0,"472":0,"473":0,"474":0,"475":0,"476":0,"477":0,"478":0,"479":0,"480":0,"481":0,"482":0,"483":0,"484":0,"485":0,"486":0,"487":0,"488":0,"489":0,"490":0,"491":0,"492":0,"493":0,"494":0,"495":0,"496":0,"497":0,"498":0,"499":14,"500":0,"501":0,"502":0,"503":0,"504":0,"505":0,"506":0,"507":0,"508":0,"509":0,"510":0,"511":0,"512":0,"513":0,"514":0,"515":0,"516":0,"517":0,"518":0,"519":0,"520":0,"521":0,"522":0,"523":0,"524":0,"525":0,"526":0,"527":0,"528":0,"529":0,"530":0,"531":0,"532":0,"533":0,"534":0,"535":0,"536":0,"537":0,"538":0,"539":0,"540":0,"541":0,"542":0,"543":0,"544":0,"545":1,"546":0,"547":0,"548":0,"549":0,"550":0,"551":1,"552":0,"553":0,"554":0,"555":0,"556":0,"557":0,"558":0,"559":0,"560":0,"561":0,"562":0,"563":0,"564":0,"565":0,"566":0,"567":0,"568":0,"569":0,"570":0,"571":0,"572":0,"573":0,"574":0,"575":0,"576":0,"577":0,"578":0,"579":0,"580":0,"581":0,"582":0,"583":0,"584":1,"585":0,"586":0,"587":0,"588":0,"589":0,"590":0,"591":0,"592":0,"593":0,"594":0,"595":0,"596":0,"597":0,"598":0,"599":0,"600":0,"601":0,"602":0,"603":0,"604":0,"605":0,"606":0,"607":0,"608":0,"609":0,"610":0,"611":0,"612":0,"613":0,"614":0},"b":{"1":[0,0],"2":[0,0],"3":[0,0],"4":[0,0],"5":[0,0],"6":[0,0],"7":[0,0],"8":[0,0],"9":[0,0],"10":[0,0],"11":[0,0],"12":[0,0],"13":[0,0],"14":[0,0],"15":[0,0],"16":[0,0],"17":[0,0],"18":[0,0],"19":[0,0],"20":[0,0],"21":[0,0],"22":[0,0],"23":[0,0],"24":[0,0],"25":[0,0],"26":[0,0],"27":[0,0],"28":[0,0],"29":[0,0],"30":[0,0],"31":[0,0,0,0,0],"32":[0,0],"33":[0,0],"34":[0,0],"35":[0,0],"36":[0,0],"37":[0,0,0,0],"38":[0,0],"39":[0,0],"40":[0,0],"41":[0,0],"42":[0,0],"43":[0,0],"44":[0,0],"45":[0,0],"46":[0,0],"47":[0,0],"48":[0,0],"49":[0,0],"50":[0,0,0,0],"51":[0,0],"52":[0,0],"53":[0,0],"54":[0,0],"55":[0,0],"56":[0,0],"57":[0,0],"58":[0,0],"59":[0,0],"60":[0,0],"61":[0,0],"62":[0,0],"63":[0,0],"64":[0,0],"65":[0,0],"66":[0,0],"67":[0,0],"68":[0,0],"69":[0,0],"70":[0,0],"71":[0,0],"72":[0,0],"73":[0,0],"74":[0,0],"75":[0,0],"76":[0,0],"77":[0,0],"78":[0,0],"79":[0,0],"80":[0,0],"81":[0,0],"82":[0,0],"83":[0,0],"84":[0,0],"85":[0,0],"86":[0,0],"87":[0,0],"88":[0,0],"89":[0,0],"90":[0,0],"91":[0,0,0],"92":[0,0],"93":[0,0],"94":[0,0],"95":[0,0],"96":[0,0],"97":[0,0],"98":[0,0],"99":[0,0,0],"100":[0,0],"101":[0,0],"102":[0,0],"103":[0,0],"104":[0,0],"105":[0,0],"106":[0,0],"107":[0,0,0,0,0],"108":[0,0],"109":[0,0],"110":[0,0],"111":[0,0],"112":[0,0],"113":[0,0],"114":[0,0],"115":[0,0],"116":[0,0],"117":[0,0],"118":[0,0],"119":[0,0],"120":[0,0],"121":[0,0],"122":[0,0],"123":[0,0],"124":[0,0],"125":[0,0],"126":[0,0],"127":[0,0],"128":[0,0],"129":[0,0],"130":[0,0],"131":[0,0],"132":[0,0],"133":[0,0],"134":[0,0],"135":[0,0],"136":[0,0,0],"137":[0,0],"138":[0,0],"139":[0,0],"140":[0,0],"141":[0,0],"142":[0,0],"143":[0,0],"144":[0,0],"145":[0,0],"146":[0,0],"147":[0,0],"148":[0,0],"149":[0,0],"150":[0,0],"151":[0,0],"152":[0,0],"153":[0,0],"154":[0,0],"155":[0,0],"156":[0,0],"157":[0,0],"158":[0,0],"159":[0,0],"160":[0,0],"161":[0,0],"162":[0,0],"163":[0,0],"164":[0,0],"165":[0,0],"166":[0,0],"167":[0,0],"168":[0,0]},"f":{"1":0,"2":0,"3":0,"4":0,"5":0,"6":0,"7":0,"8":0,"9":0,"10":0,"11":0,"12":0,"13":0,"14":0,"15":0,"16":0,"17":0,"18":0,"19":0,"20":0,"21":0,"22":0,"23":0,"24":0,"25":0,"26":0,"27":0,"28":0,"29":0,"30":0,"31":0,"32":0,"33":0,"34":0,"35":0,"36":0,"37":0,"38":0,"39":0,"40":0,"41":0,"42":0,"43":0,"44":0,"45":0,"46":0,"47":0,"48":0,"49":0,"50":0,"51":0,"52":0,"53":0,"54":0,"55":0,"56":0,"57":0,"58":0,"59":0,"60":0,"61":0,"62":0,"63":0,"64":0,"65":0,"66":0,"67":0,"68":0,"69":0,"70":0,"71":0,"72":0,"73":0,"74":0,"75":0,"76":0,"77":0,"78":0,"79":0,"80":0,"81":0,"82":0,"83":0,"84":0,"85":0,"86":0,"87":0,"88":0,"89":0,"90":0,"91":0,"92":0,"93":0,"94":0,"95":0,"96":0,"97":0,"98":0,"99":0,"100":0,"101":0,"102":0,"103":0,"104":0,"105":0,"106":0,"107":0,"108":0},"fnMap":{"1":{"name":"(anonymous_1)","line":32,"loc":{"start":{"line":32,"column":18},"end":{"line":32,"column":33}}},"2":{"name":"(anonymous_2)","line":47,"loc":{"start":{"line":47,"column":14},"end":{"line":47,"column":28}}},"3":{"name":"(anonymous_3)","line":53,"loc":{"start":{"line":53,"column":16},"end":{"line":53,"column":51}}},"4":{"name":"(anonymous_4)","line":61,"loc":{"start":{"line":61,"column":30},"end":{"line":61,"column":48}}},"5":{"name":"(anonymous_5)","line":92,"loc":{"start":{"line":92,"column":21},"end":{"line":92,"column":36}}},"6":{"name":"(anonymous_6)","line":127,"loc":{"start":{"line":127,"column":18},"end":{"line":127,"column":32}}},"7":{"name":"Frisby","line":142,"loc":{"start":{"line":142,"column":0},"end":{"line":142,"column":21}}},"8":{"name":"(anonymous_8)","line":148,"loc":{"start":{"line":148,"column":32},"end":{"line":148,"column":51}}},"9":{"name":"(anonymous_9)","line":198,"loc":{"start":{"line":198,"column":27},"end":{"line":198,"column":39}}},"10":{"name":"(anonymous_10)","line":211,"loc":{"start":{"line":211,"column":25},"end":{"line":211,"column":36}}},"11":{"name":"(anonymous_11)","line":222,"loc":{"start":{"line":222,"column":23},"end":{"line":222,"column":34}}},"12":{"name":"(anonymous_12)","line":234,"loc":{"start":{"line":234,"column":29},"end":{"line":234,"column":55}}},"13":{"name":"(anonymous_13)","line":242,"loc":{"start":{"line":242,"column":30},"end":{"line":242,"column":49}}},"14":{"name":"(anonymous_14)","line":244,"loc":{"start":{"line":244,"column":18},"end":{"line":244,"column":37}}},"15":{"name":"(anonymous_15)","line":249,"loc":{"start":{"line":249,"column":30},"end":{"line":249,"column":48}}},"16":{"name":"(anonymous_16)","line":259,"loc":{"start":{"line":259,"column":32},"end":{"line":259,"column":47}}},"17":{"name":"(anonymous_17)","line":270,"loc":{"start":{"line":270,"column":32},"end":{"line":270,"column":47}}},"18":{"name":"(anonymous_18)","line":283,"loc":{"start":{"line":283,"column":24},"end":{"line":283,"column":53}}},"19":{"name":"(anonymous_19)","line":294,"loc":{"start":{"line":294,"column":23},"end":{"line":294,"column":54}}},"20":{"name":"(anonymous_20)","line":300,"loc":{"start":{"line":300,"column":25},"end":{"line":300,"column":62}}},"21":{"name":"(anonymous_21)","line":305,"loc":{"start":{"line":305,"column":24},"end":{"line":305,"column":61}}},"22":{"name":"(anonymous_22)","line":310,"loc":{"start":{"line":310,"column":23},"end":{"line":310,"column":60}}},"23":{"name":"(anonymous_23)","line":315,"loc":{"start":{"line":315,"column":26},"end":{"line":315,"column":63}}},"24":{"name":"(anonymous_24)","line":320,"loc":{"start":{"line":320,"column":24},"end":{"line":320,"column":55}}},"25":{"name":"(anonymous_25)","line":326,"loc":{"start":{"line":326,"column":27},"end":{"line":326,"column":58}}},"26":{"name":"(anonymous_26)","line":332,"loc":{"start":{"line":332,"column":17},"end":{"line":332,"column":48}}},"27":{"name":"(anonymous_27)","line":334,"loc":{"start":{"line":334,"column":35},"end":{"line":334,"column":51}}},"28":{"name":"(anonymous_28)","line":342,"loc":{"start":{"line":342,"column":28},"end":{"line":342,"column":72}}},"29":{"name":"(anonymous_29)","line":426,"loc":{"start":{"line":426,"column":20},"end":{"line":426,"column":32}}},"30":{"name":"(anonymous_30)","line":429,"loc":{"start":{"line":429,"column":22},"end":{"line":429,"column":47}}},"31":{"name":"(anonymous_31)","line":442,"loc":{"start":{"line":442,"column":33},"end":{"line":442,"column":52}}},"32":{"name":"(anonymous_32)","line":481,"loc":{"start":{"line":481,"column":41},"end":{"line":481,"column":64}}},"33":{"name":"(anonymous_33)","line":483,"loc":{"start":{"line":483,"column":28},"end":{"line":483,"column":39}}},"34":{"name":"(anonymous_34)","line":490,"loc":{"start":{"line":490,"column":32},"end":{"line":490,"column":53}}},"35":{"name":"(anonymous_35)","line":492,"loc":{"start":{"line":492,"column":28},"end":{"line":492,"column":39}}},"36":{"name":"(anonymous_36)","line":499,"loc":{"start":{"line":499,"column":32},"end":{"line":499,"column":58}}},"37":{"name":"(anonymous_37)","line":502,"loc":{"start":{"line":502,"column":28},"end":{"line":502,"column":39}}},"38":{"name":"(anonymous_38)","line":513,"loc":{"start":{"line":513,"column":40},"end":{"line":513,"column":66}}},"39":{"name":"(anonymous_39)","line":516,"loc":{"start":{"line":516,"column":28},"end":{"line":516,"column":39}}},"40":{"name":"(anonymous_40)","line":527,"loc":{"start":{"line":527,"column":39},"end":{"line":527,"column":65}}},"41":{"name":"(anonymous_41)","line":530,"loc":{"start":{"line":530,"column":30},"end":{"line":530,"column":41}}},"42":{"name":"(anonymous_42)","line":541,"loc":{"start":{"line":541,"column":38},"end":{"line":541,"column":56}}},"43":{"name":"(anonymous_43)","line":543,"loc":{"start":{"line":543,"column":28},"end":{"line":543,"column":39}}},"44":{"name":"(anonymous_44)","line":554,"loc":{"start":{"line":554,"column":35},"end":{"line":554,"column":68}}},"45":{"name":"(anonymous_45)","line":561,"loc":{"start":{"line":561,"column":28},"end":{"line":561,"column":39}}},"46":{"name":"(anonymous_46)","line":567,"loc":{"start":{"line":567,"column":32},"end":{"line":567,"column":50}}},"47":{"name":"(anonymous_47)","line":603,"loc":{"start":{"line":603,"column":23},"end":{"line":603,"column":38}}},"48":{"name":"(anonymous_48)","line":641,"loc":{"start":{"line":641,"column":30},"end":{"line":641,"column":49}}},"49":{"name":"(anonymous_49)","line":649,"loc":{"start":{"line":649,"column":28},"end":{"line":649,"column":39}}},"50":{"name":"(anonymous_50)","line":654,"loc":{"start":{"line":654,"column":32},"end":{"line":654,"column":50}}},"51":{"name":"(anonymous_51)","line":687,"loc":{"start":{"line":687,"column":23},"end":{"line":687,"column":38}}},"52":{"name":"(anonymous_52)","line":725,"loc":{"start":{"line":725,"column":36},"end":{"line":725,"column":63}}},"53":{"name":"(anonymous_53)","line":751,"loc":{"start":{"line":751,"column":28},"end":{"line":751,"column":39}}},"54":{"name":"(anonymous_54)","line":754,"loc":{"start":{"line":754,"column":41},"end":{"line":754,"column":61}}},"55":{"name":"(anonymous_55)","line":766,"loc":{"start":{"line":766,"column":25},"end":{"line":766,"column":46}}},"56":{"name":"(anonymous_56)","line":777,"loc":{"start":{"line":777,"column":36},"end":{"line":777,"column":61}}},"57":{"name":"(anonymous_57)","line":792,"loc":{"start":{"line":792,"column":28},"end":{"line":792,"column":39}}},"58":{"name":"(anonymous_58)","line":796,"loc":{"start":{"line":796,"column":30},"end":{"line":796,"column":48}}},"59":{"name":"(anonymous_59)","line":818,"loc":{"start":{"line":818,"column":23},"end":{"line":818,"column":58}}},"60":{"name":"(anonymous_60)","line":862,"loc":{"start":{"line":862,"column":23},"end":{"line":862,"column":38}}},"61":{"name":"(anonymous_61)","line":875,"loc":{"start":{"line":875,"column":34},"end":{"line":875,"column":45}}},"62":{"name":"(anonymous_62)","line":877,"loc":{"start":{"line":877,"column":13},"end":{"line":877,"column":38}}},"63":{"name":"(anonymous_63)","line":884,"loc":{"start":{"line":884,"column":35},"end":{"line":884,"column":46}}},"64":{"name":"(anonymous_64)","line":885,"loc":{"start":{"line":885,"column":13},"end":{"line":885,"column":38}}},"65":{"name":"(anonymous_65)","line":892,"loc":{"start":{"line":892,"column":34},"end":{"line":892,"column":44}}},"66":{"name":"(anonymous_66)","line":893,"loc":{"start":{"line":893,"column":13},"end":{"line":893,"column":38}}},"67":{"name":"(anonymous_67)","line":900,"loc":{"start":{"line":900,"column":31},"end":{"line":900,"column":42}}},"68":{"name":"(anonymous_68)","line":901,"loc":{"start":{"line":901,"column":13},"end":{"line":901,"column":38}}},"69":{"name":"(anonymous_69)","line":908,"loc":{"start":{"line":908,"column":31},"end":{"line":908,"column":42}}},"70":{"name":"(anonymous_70)","line":909,"loc":{"start":{"line":909,"column":13},"end":{"line":909,"column":38}}},"71":{"name":"(anonymous_71)","line":916,"loc":{"start":{"line":916,"column":33},"end":{"line":916,"column":44}}},"72":{"name":"(anonymous_72)","line":917,"loc":{"start":{"line":917,"column":13},"end":{"line":917,"column":38}}},"73":{"name":"(anonymous_73)","line":923,"loc":{"start":{"line":923,"column":25},"end":{"line":923,"column":50}}},"74":{"name":"(anonymous_74)","line":931,"loc":{"start":{"line":931,"column":25},"end":{"line":931,"column":42}}},"75":{"name":"(anonymous_75)","line":937,"loc":{"start":{"line":937,"column":25},"end":{"line":937,"column":38}}},"76":{"name":"(anonymous_76)","line":939,"loc":{"start":{"line":939,"column":26},"end":{"line":939,"column":37}}},"77":{"name":"(anonymous_77)","line":947,"loc":{"start":{"line":947,"column":29},"end":{"line":947,"column":42}}},"78":{"name":"(anonymous_78)","line":949,"loc":{"start":{"line":949,"column":26},"end":{"line":949,"column":37}}},"79":{"name":"(anonymous_79)","line":957,"loc":{"start":{"line":957,"column":36},"end":{"line":957,"column":49}}},"80":{"name":"(anonymous_80)","line":970,"loc":{"start":{"line":970,"column":35},"end":{"line":970,"column":50}}},"81":{"name":"(anonymous_81)","line":977,"loc":{"start":{"line":977,"column":35},"end":{"line":977,"column":50}}},"82":{"name":"(anonymous_82)","line":984,"loc":{"start":{"line":984,"column":38},"end":{"line":984,"column":68}}},"83":{"name":"(anonymous_83)","line":990,"loc":{"start":{"line":990,"column":37},"end":{"line":990,"column":58}}},"84":{"name":"(anonymous_84)","line":999,"loc":{"start":{"line":999,"column":24},"end":{"line":999,"column":40}}},"85":{"name":"(anonymous_85)","line":1006,"loc":{"start":{"line":1006,"column":52},"end":{"line":1006,"column":63}}},"86":{"name":"(anonymous_86)","line":1009,"loc":{"start":{"line":1009,"column":46},"end":{"line":1009,"column":57}}},"87":{"name":"(anonymous_87)","line":1023,"loc":{"start":{"line":1023,"column":13},"end":{"line":1023,"column":24}}},"88":{"name":"(anonymous_88)","line":1047,"loc":{"start":{"line":1047,"column":19},"end":{"line":1047,"column":29}}},"89":{"name":"(anonymous_89)","line":1052,"loc":{"start":{"line":1052,"column":15},"end":{"line":1052,"column":26}}},"90":{"name":"(anonymous_90)","line":1091,"loc":{"start":{"line":1091,"column":11},"end":{"line":1091,"column":22}}},"91":{"name":"(anonymous_91)","line":1125,"loc":{"start":{"line":1125,"column":45},"end":{"line":1125,"column":64}}},"92":{"name":"(anonymous_92)","line":1126,"loc":{"start":{"line":1126,"column":17},"end":{"line":1126,"column":28}}},"93":{"name":"(anonymous_93)","line":1131,"loc":{"start":{"line":1131,"column":46},"end":{"line":1131,"column":65}}},"94":{"name":"(anonymous_94)","line":1132,"loc":{"start":{"line":1132,"column":17},"end":{"line":1132,"column":28}}},"95":{"name":"(anonymous_95)","line":1137,"loc":{"start":{"line":1137,"column":38},"end":{"line":1137,"column":57}}},"96":{"name":"(anonymous_96)","line":1145,"loc":{"start":{"line":1145,"column":17},"end":{"line":1145,"column":28}}},"97":{"name":"(anonymous_97)","line":1151,"loc":{"start":{"line":1151,"column":44},"end":{"line":1151,"column":63}}},"98":{"name":"(anonymous_98)","line":1159,"loc":{"start":{"line":1159,"column":17},"end":{"line":1159,"column":28}}},"99":{"name":"(anonymous_99)","line":1165,"loc":{"start":{"line":1165,"column":49},"end":{"line":1165,"column":68}}},"100":{"name":"(anonymous_100)","line":1173,"loc":{"start":{"line":1173,"column":17},"end":{"line":1173,"column":28}}},"101":{"name":"(anonymous_101)","line":1179,"loc":{"start":{"line":1179,"column":43},"end":{"line":1179,"column":69}}},"102":{"name":"(anonymous_102)","line":1180,"loc":{"start":{"line":1180,"column":17},"end":{"line":1180,"column":28}}},"103":{"name":"(anonymous_103)","line":1194,"loc":{"start":{"line":1194,"column":48},"end":{"line":1194,"column":74}}},"104":{"name":"(anonymous_104)","line":1195,"loc":{"start":{"line":1195,"column":17},"end":{"line":1195,"column":28}}},"105":{"name":"_jsonParse","line":1214,"loc":{"start":{"line":1214,"column":0},"end":{"line":1214,"column":26}}},"106":{"name":"_jsonContains","line":1225,"loc":{"start":{"line":1225,"column":0},"end":{"line":1225,"column":43}}},"107":{"name":"_jsonContainsTypes","line":1290,"loc":{"start":{"line":1290,"column":0},"end":{"line":1290,"column":48}}},"108":{"name":"(anonymous_108)","line":1345,"loc":{"start":{"line":1345,"column":17},"end":{"line":1345,"column":31}}}},"statementMap":{"1":{"start":{"line":10,"column":0},"end":{"line":18,"column":38}},"2":{"start":{"line":24,"column":0},"end":{"line":31,"column":2}},"3":{"start":{"line":32,"column":0},"end":{"line":44,"column":2}},"4":{"start":{"line":33,"column":2},"end":{"line":42,"column":3}},"5":{"start":{"line":34,"column":4},"end":{"line":34,"column":30}},"6":{"start":{"line":35,"column":4},"end":{"line":41,"column":5}},"7":{"start":{"line":36,"column":6},"end":{"line":36,"column":38}},"8":{"start":{"line":37,"column":6},"end":{"line":37,"column":46}},"9":{"start":{"line":38,"column":6},"end":{"line":38,"column":58}},"10":{"start":{"line":39,"column":6},"end":{"line":39,"column":46}},"11":{"start":{"line":40,"column":6},"end":{"line":40,"column":46}},"12":{"start":{"line":43,"column":2},"end":{"line":43,"column":28}},"13":{"start":{"line":47,"column":0},"end":{"line":49,"column":2}},"14":{"start":{"line":48,"column":2},"end":{"line":48,"column":74}},"15":{"start":{"line":53,"column":0},"end":{"line":124,"column":2}},"16":{"start":{"line":54,"column":2},"end":{"line":55,"column":19}},"17":{"start":{"line":57,"column":2},"end":{"line":88,"column":3}},"18":{"start":{"line":59,"column":4},"end":{"line":85,"column":5}},"19":{"start":{"line":60,"column":6},"end":{"line":60,"column":38}},"20":{"start":{"line":61,"column":6},"end":{"line":84,"column":9}},"21":{"start":{"line":62,"column":8},"end":{"line":62,"column":35}},"22":{"start":{"line":64,"column":8},"end":{"line":83,"column":9}},"23":{"start":{"line":65,"column":10},"end":{"line":65,"column":25}},"24":{"start":{"line":67,"column":10},"end":{"line":69,"column":11}},"25":{"start":{"line":68,"column":12},"end":{"line":68,"column":109}},"26":{"start":{"line":70,"column":15},"end":{"line":83,"column":9}},"27":{"start":{"line":71,"column":10},"end":{"line":71,"column":25}},"28":{"start":{"line":73,"column":10},"end":{"line":75,"column":11}},"29":{"start":{"line":74,"column":12},"end":{"line":74,"column":110}},"30":{"start":{"line":77,"column":10},"end":{"line":77,"column":39}},"31":{"start":{"line":80,"column":10},"end":{"line":82,"column":11}},"32":{"start":{"line":81,"column":12},"end":{"line":81,"column":119}},"33":{"start":{"line":87,"column":4},"end":{"line":87,"column":12}},"34":{"start":{"line":91,"column":2},"end":{"line":123,"column":3}},"35":{"start":{"line":92,"column":4},"end":{"line":94,"column":7}},"36":{"start":{"line":93,"column":6},"end":{"line":93,"column":32}},"37":{"start":{"line":97,"column":9},"end":{"line":123,"column":3}},"38":{"start":{"line":98,"column":4},"end":{"line":98,"column":36}},"39":{"start":{"line":99,"column":4},"end":{"line":99,"column":23}},"40":{"start":{"line":100,"column":4},"end":{"line":100,"column":18}},"41":{"start":{"line":102,"column":4},"end":{"line":109,"column":5}},"42":{"start":{"line":103,"column":6},"end":{"line":108,"column":7}},"43":{"start":{"line":104,"column":8},"end":{"line":104,"column":54}},"44":{"start":{"line":106,"column":8},"end":{"line":106,"column":21}},"45":{"start":{"line":107,"column":8},"end":{"line":107,"column":22}},"46":{"start":{"line":112,"column":4},"end":{"line":118,"column":5}},"47":{"start":{"line":113,"column":6},"end":{"line":117,"column":7}},"48":{"start":{"line":114,"column":8},"end":{"line":114,"column":24}},"49":{"start":{"line":116,"column":8},"end":{"line":116,"column":100}},"50":{"start":{"line":122,"column":4},"end":{"line":122,"column":41}},"51":{"start":{"line":127,"column":0},"end":{"line":136,"column":2}},"52":{"start":{"line":128,"column":2},"end":{"line":128,"column":17}},"53":{"start":{"line":129,"column":2},"end":{"line":134,"column":3}},"54":{"start":{"line":130,"column":4},"end":{"line":133,"column":24}},"55":{"start":{"line":131,"column":6},"end":{"line":131,"column":37}},"56":{"start":{"line":133,"column":6},"end":{"line":133,"column":24}},"57":{"start":{"line":135,"column":2},"end":{"line":135,"column":15}},"58":{"start":{"line":142,"column":0},"end":{"line":190,"column":1}},"59":{"start":{"line":144,"column":2},"end":{"line":144,"column":39}},"60":{"start":{"line":146,"column":2},"end":{"line":152,"column":3}},"61":{"start":{"line":147,"column":4},"end":{"line":147,"column":25}},"62":{"start":{"line":148,"column":4},"end":{"line":150,"column":7}},"63":{"start":{"line":149,"column":6},"end":{"line":149,"column":51}},"64":{"start":{"line":151,"column":4},"end":{"line":151,"column":38}},"65":{"start":{"line":155,"column":2},"end":{"line":155,"column":33}},"66":{"start":{"line":158,"column":2},"end":{"line":180,"column":4}},"67":{"start":{"line":181,"column":2},"end":{"line":181,"column":38}},"68":{"start":{"line":184,"column":2},"end":{"line":184,"column":38}},"69":{"start":{"line":187,"column":2},"end":{"line":187,"column":29}},"70":{"start":{"line":189,"column":2},"end":{"line":189,"column":14}},"71":{"start":{"line":198,"column":0},"end":{"line":205,"column":2}},"72":{"start":{"line":199,"column":2},"end":{"line":199,"column":20}},"73":{"start":{"line":200,"column":2},"end":{"line":202,"column":3}},"74":{"start":{"line":201,"column":4},"end":{"line":201,"column":25}},"75":{"start":{"line":203,"column":2},"end":{"line":203,"column":20}},"76":{"start":{"line":204,"column":2},"end":{"line":204,"column":14}},"77":{"start":{"line":211,"column":0},"end":{"line":216,"column":2}},"78":{"start":{"line":212,"column":2},"end":{"line":214,"column":4}},"79":{"start":{"line":215,"column":2},"end":{"line":215,"column":14}},"80":{"start":{"line":222,"column":0},"end":{"line":225,"column":2}},"81":{"start":{"line":223,"column":2},"end":{"line":223,"column":28}},"82":{"start":{"line":224,"column":2},"end":{"line":224,"column":14}},"83":{"start":{"line":234,"column":0},"end":{"line":237,"column":2}},"84":{"start":{"line":235,"column":2},"end":{"line":235,"column":71}},"85":{"start":{"line":236,"column":2},"end":{"line":236,"column":14}},"86":{"start":{"line":242,"column":0},"end":{"line":248,"column":2}},"87":{"start":{"line":243,"column":2},"end":{"line":243,"column":18}},"88":{"start":{"line":244,"column":2},"end":{"line":246,"column":5}},"89":{"start":{"line":245,"column":4},"end":{"line":245,"column":29}},"90":{"start":{"line":247,"column":2},"end":{"line":247,"column":14}},"91":{"start":{"line":249,"column":0},"end":{"line":252,"column":2}},"92":{"start":{"line":250,"column":2},"end":{"line":250,"column":164}},"93":{"start":{"line":251,"column":2},"end":{"line":251,"column":34}},"94":{"start":{"line":259,"column":0},"end":{"line":262,"column":2}},"95":{"start":{"line":260,"column":2},"end":{"line":260,"column":62}},"96":{"start":{"line":261,"column":2},"end":{"line":261,"column":14}},"97":{"start":{"line":270,"column":0},"end":{"line":273,"column":2}},"98":{"start":{"line":271,"column":2},"end":{"line":271,"column":27}},"99":{"start":{"line":272,"column":2},"end":{"line":272,"column":14}},"100":{"start":{"line":283,"column":0},"end":{"line":290,"column":2}},"101":{"start":{"line":284,"column":2},"end":{"line":288,"column":4}},"102":{"start":{"line":289,"column":2},"end":{"line":289,"column":14}},"103":{"start":{"line":294,"column":0},"end":{"line":298,"column":2}},"104":{"start":{"line":295,"column":2},"end":{"line":295,"column":51}},"105":{"start":{"line":296,"column":2},"end":{"line":296,"column":27}},"106":{"start":{"line":297,"column":2},"end":{"line":297,"column":57}},"107":{"start":{"line":300,"column":0},"end":{"line":303,"column":2}},"108":{"start":{"line":301,"column":2},"end":{"line":301,"column":51}},"109":{"start":{"line":302,"column":2},"end":{"line":302,"column":59}},"110":{"start":{"line":305,"column":0},"end":{"line":308,"column":2}},"111":{"start":{"line":306,"column":2},"end":{"line":306,"column":51}},"112":{"start":{"line":307,"column":2},"end":{"line":307,"column":58}},"113":{"start":{"line":310,"column":0},"end":{"line":313,"column":2}},"114":{"start":{"line":311,"column":2},"end":{"line":311,"column":51}},"115":{"start":{"line":312,"column":2},"end":{"line":312,"column":57}},"116":{"start":{"line":315,"column":0},"end":{"line":318,"column":2}},"117":{"start":{"line":316,"column":2},"end":{"line":316,"column":51}},"118":{"start":{"line":317,"column":2},"end":{"line":317,"column":60}},"119":{"start":{"line":320,"column":0},"end":{"line":324,"column":2}},"120":{"start":{"line":321,"column":2},"end":{"line":321,"column":51}},"121":{"start":{"line":322,"column":2},"end":{"line":322,"column":27}},"122":{"start":{"line":323,"column":2},"end":{"line":323,"column":58}},"123":{"start":{"line":326,"column":0},"end":{"line":330,"column":2}},"124":{"start":{"line":327,"column":4},"end":{"line":327,"column":53}},"125":{"start":{"line":328,"column":4},"end":{"line":328,"column":29}},"126":{"start":{"line":329,"column":4},"end":{"line":329,"column":63}},"127":{"start":{"line":332,"column":0},"end":{"line":340,"column":2}},"128":{"start":{"line":333,"column":2},"end":{"line":333,"column":47}},"129":{"start":{"line":334,"column":2},"end":{"line":334,"column":80}},"130":{"start":{"line":334,"column":52},"end":{"line":334,"column":77}},"131":{"start":{"line":335,"column":2},"end":{"line":335,"column":42}},"132":{"start":{"line":336,"column":2},"end":{"line":338,"column":3}},"133":{"start":{"line":337,"column":4},"end":{"line":337,"column":58}},"134":{"start":{"line":337,"column":37},"end":{"line":337,"column":58}},"135":{"start":{"line":339,"column":2},"end":{"line":339,"column":14}},"136":{"start":{"line":342,"column":0},"end":{"line":478,"column":2}},"137":{"start":{"line":343,"column":2},"end":{"line":357,"column":8}},"138":{"start":{"line":360,"column":2},"end":{"line":362,"column":3}},"139":{"start":{"line":361,"column":4},"end":{"line":361,"column":23}},"140":{"start":{"line":365,"column":2},"end":{"line":365,"column":57}},"141":{"start":{"line":369,"column":2},"end":{"line":369,"column":68}},"142":{"start":{"line":370,"column":2},"end":{"line":373,"column":3}},"143":{"start":{"line":371,"co
[...]
:152,"column":74}}},"24":{"name":"(anonymous_24)","line":165,"loc":{"start":{"line":165,"column":66},"end":{"line":165,"column":77}}},"25":{"name":"(anonymous_25)","line":181,"loc":{"start":{"line":181,"column":38},"end":{"line":181,"column":49}}},"26":{"name":"(anonymous_26)","line":197,"loc":{"start":{"line":197,"column":38},"end":{"line":197,"column":49}}},"27":{"name":"(anonymous_27)","line":213,"loc":{"start":{"line":213,"column":59},"end":{"line":213,"column":70}}},"28":{"name":"(anonymous_28)","line":223,"loc":{"start":{"line":223,"column":58},"end":{"line":223,"column":69}}},"29":{"name":"(anonymous_29)","line":233,"loc":{"start":{"line":233,"column":62},"end":{"line":233,"column":73}}},"30":{"name":"(anonymous_30)","line":249,"loc":{"start":{"line":249,"column":75},"end":{"line":249,"column":86}}},"31":{"name":"(anonymous_31)","line":269,"loc":{"start":{"line":269,"column":74},"end":{"line":269,"column":85}}}},"statementMap":{"1":{"start":{"line":1,"column":0},"end":{"line":1,"column":38}},"2":{"start":{"line":2,"column":0},"end":{"line":2,"column":41}},"3":{"start":{"line":5,"column":0},"end":{"line":288,"column":3}},"4":{"start":{"line":7,"column":2},"end":{"line":26,"column":5}},"5":{"start":{"line":9,"column":4},"end":{"line":13,"column":6}},"6":{"start":{"line":16,"column":4},"end":{"line":20,"column":7}},"7":{"start":{"line":21,"column":4},"end":{"line":25,"column":7}},"8":{"start":{"line":29,"column":2},"end":{"line":42,"column":5}},"9":{"start":{"line":31,"column":4},"end":{"line":35,"column":6}},"10":{"start":{"line":38,"column":4},"end":{"line":41,"column":7}},"11":{"start":{"line":40,"column":32},"end":{"line":40,"column":59}},"12":{"start":{"line":45,"column":2},"end":{"line":58,"column":5}},"13":{"start":{"line":47,"column":4},"end":{"line":51,"column":6}},"14":{"start":{"line":54,"column":4},"end":{"line":57,"column":7}},"15":{"start":{"line":56,"column":32},"end":{"line":56,"column":64}},"16":{"start":{"line":61,"column":2},"end":{"line":79,"column":5}},"17":{"start":{"line":63,"column":4},"end":{"line":69,"column":6}},"18":{"start":{"line":72,"column":4},"end":{"line":78,"column":7}},"19":{"start":{"line":74,"column":37},"end":{"line":74,"column":72}},"20":{"start":{"line":76,"column":41},"end":{"line":76,"column":76}},"21":{"start":{"line":81,"column":2},"end":{"line":101,"column":5}},"22":{"start":{"line":83,"column":4},"end":{"line":89,"column":6}},"23":{"start":{"line":92,"column":4},"end":{"line":100,"column":7}},"24":{"start":{"line":94,"column":37},"end":{"line":94,"column":77}},"25":{"start":{"line":95,"column":46},"end":{"line":95,"column":86}},"26":{"start":{"line":97,"column":41},"end":{"line":97,"column":81}},"27":{"start":{"line":98,"column":50},"end":{"line":98,"column":90}},"28":{"start":{"line":103,"column":2},"end":{"line":116,"column":5}},"29":{"start":{"line":105,"column":4},"end":{"line":109,"column":6}},"30":{"start":{"line":112,"column":4},"end":{"line":115,"column":7}},"31":{"start":{"line":114,"column":32},"end":{"line":114,"column":44}},"32":{"start":{"line":119,"column":2},"end":{"line":132,"column":5}},"33":{"start":{"line":121,"column":4},"end":{"line":125,"column":6}},"34":{"start":{"line":128,"column":4},"end":{"line":131,"column":7}},"35":{"start":{"line":130,"column":32},"end":{"line":130,"column":45}},"36":{"start":{"line":135,"column":2},"end":{"line":149,"column":5}},"37":{"start":{"line":137,"column":4},"end":{"line":141,"column":6}},"38":{"start":{"line":144,"column":4},"end":{"line":148,"column":7}},"39":{"start":{"line":145,"column":32},"end":{"line":145,"column":75}},"40":{"start":{"line":146,"column":32},"end":{"line":146,"column":42}},"41":{"start":{"line":147,"column":34},"end":{"line":147,"column":41}},"42":{"start":{"line":152,"column":2},"end":{"line":162,"column":5}},"43":{"start":{"line":154,"column":4},"end":{"line":158,"column":6}},"44":{"start":{"line":161,"column":4},"end":{"line":161,"column":50}},"45":{"start":{"line":165,"column":2},"end":{"line":178,"column":5}},"46":{"start":{"line":167,"column":4},"end":{"line":171,"column":6}},"47":{"start":{"line":174,"column":4},"end":{"line":177,"column":7}},"48":{"start":{"line":181,"column":2},"end":{"line":194,"column":5}},"49":{"start":{"line":183,"column":4},"end":{"line":187,"column":6}},"50":{"start":{"line":190,"column":4},"end":{"line":193,"column":7}},"51":{"start":{"line":197,"column":2},"end":{"line":210,"column":5}},"52":{"start":{"line":199,"column":4},"end":{"line":203,"column":6}},"53":{"start":{"line":206,"column":4},"end":{"line":209,"column":7}},"54":{"start":{"line":213,"column":2},"end":{"line":220,"column":5}},"55":{"start":{"line":215,"column":4},"end":{"line":219,"column":7}},"56":{"start":{"line":223,"column":2},"end":{"line":230,"column":5}},"57":{"start":{"line":225,"column":4},"end":{"line":229,"column":7}},"58":{"start":{"line":233,"column":2},"end":{"line":246,"column":5}},"59":{"start":{"line":235,"column":4},"end":{"line":239,"column":6}},"60":{"start":{"line":242,"column":4},"end":{"line":245,"column":7}},"61":{"start":{"line":249,"column":2},"end":{"line":266,"column":5}},"62":{"start":{"line":251,"column":4},"end":{"line":265,"column":7}},"63":{"start":{"line":269,"column":2},"end":{"line":286,"column":5}},"64":{"start":{"line":271,"column":4},"end":{"line":285,"column":7}}},"branchMap":{},"code":["var frisby = require('../lib/frisby');","var mockRequest = require('mock-request')","","","describe('Frisby matchers', function() {","","  it('toContainJSON should match exactly', function() {","    // Set fake JSON body","    var testJson = {","      test_str: \"I am a string!\",","      test_int: 42,","      test_float: 42.42","    };","","    // Expectation","    expect(testJson).toContainJson({","      test_str: \"I am a string!\",","      test_int: 42,","      test_float: 42.42","    });","    expect(testJson).not.toContainJson({","      test_str: \"I am NOT a string!\",","      test_int: \"43\",","      test_float: 43.43","    });","  });","","","  it('toContainJSON should match callbacks', function() {","    // Set fake JSON body","    var testJson = {","      test_str: \"I am a string!\",","      test_int: 42,","      test_float: 42.42","    };","","    // Expectation","    expect(testJson).toContainJson({","      test_str: \"I am a string!\",","      test_int: function(val) { expect(val).toMatch(/\\d+/); }","    });","  });","","","  it('toContainJSON should NOT match with invalid callbacks', function() {","    // Set fake JSON body","    var testJson = {","      test_str: \"I am a string!\",","      test_int: 42,","      test_float: 42.42","    };","","    // Expectation","    expect(testJson).toContainJson({","      test_str: \"I am a string!\",","      test_int: function(val) { expect(val).not.toMatch('blah'); }","    });","  });","","","  it('Callbacks should be able to use matcher toBeTypeOrNull', function() {","    // Set fake JSON body","    var testJson = {","      test_str: \"I am a string!\",","      test_optional: null,","      test_nest: {","        nested_optional: null","      }","    };","","    // Expectation","    expect(testJson).toContainJson({","      test_str: \"I am a string!\",","      test_optional: function(val) { expect(val).toBeTypeOrNull(String); },","      test_nest: {","        nested_optional: function(val) { expect(val).toBeTypeOrNull(String); }","      }","    });","  });","","  it('Callbacks should be able to use matcher toBeTypeOrUndefined', function() {","    // Set fake JSON body","    var testJson = {","      test_str: \"I am a string!\",","      test_optional: \"I am optional key\",","      test_nest: {","        nested_optional: \"I am optional key too\"","      }","    };","","    // Expectation","    expect(testJson).toContainJson({","      test_str: \"I am a string!\",","      test_optional: function(val) { expect(val).toBeTypeOrUndefined(String); },","      test_optional_nonexist: function(val) { expect(val).toBeTypeOrUndefined(String); },","      test_nest: {","        nested_optional: function(val) { expect(val).toBeTypeOrUndefined(String); },","        nested_optional_nonexist: function(val) { expect(val).toBeTypeOrUndefined(String); }","      }","    });","  });","","  it('toContainJSON should match callbacks that return boolean true', function() {","    // Set fake JSON body","    var testJson = {","      test_str: \"I am a string!\",","      test_int: 42,","      test_float: 42.42","    };","","    // Expectation","    expect(testJson).toContainJson({","      test_str: \"I am a string!\",","      test_int: function(val) { return true; }","    });","  });","","","  it('toContainJSON should NOT match callbacks that return boolean false', function() {","    // Set fake JSON body","    var testJson = {","      test_str: \"I am a string!\",","      test_int: 42,","      test_float: 42.42","    };","","    // Expectation","    expect(testJson).not.toContainJson({","      test_str: \"I am a string!\",","      test_int: function(val) { return false; }","    });","  });","","","  it('toContainJSON should pass when callbacks return anything other than boolean false', function() {","    // Set fake JSON body","    var testJson = {","      test_str: \"I am a string!\",","      test_int: 42,","      test_float: 42.42","    };","","    // Expectation","    expect(testJson).toContainJson({","      test_str: function(val) { return 'anything other than boolean false'; },","      test_int: function(val) { return 42; },","      test_float: function(val) { return; }","    });","  });","","","  it('toContainJSON should not match with undefined variable', function() {","    // Set fake JSON body","    var testJson = {","      test_str: \"I am a string!\",","      test_int: 42,","      test_float: 42.42","    };","","    // Expectation","    expect(testJson).not.toContainJson(undefined);","  });","","","  it('toContainJSON should not match with non-existent JSON key', function() {","    // Set fake JSON body","    var testJson = {","      test_str: \"I am a string!\",","      test_int: 42,","      test_float: 42.42","    };","","    // Expectation","    expect(testJson).not.toContainJson({","      test_str: \"I am a string!\",","      test: \"Some random value that won't match anyways\" // Key that does not exist","    });","  });","","","  it('JSONTypes should match String', function() {","    // Set fake JSON body","    var testJson = {","      test_str: \"I am a string!\",","      test_int: 42,","      test_float: 42.42","    };","","    // Expectation","    expect(testJson).toContainJsonTypes({","      test_str: String,","      test_int: Number","    });","  });","","","  it('JSONTypes should match String', function() {","    // Set fake JSON body","    var testJson = {","      test_str: \"I am a string!\",","      test_int: 42,","      test_float: 42.42","    };","","    // Expectation","    expect(testJson).toContainJsonTypes({","      test_str: String,","      test_int: Number","    });","  });","","","  it('JSONTypes should not match String for integer type', function() {","    // Expectation","    expect({","      test_int: 42,","    }).not.toContainJsonTypes({","      test_int: String,","    });","  });","","","  it('JSONTypes should not match Number for string type', function() {","    // Expectation","    expect({","      test_str: \"I am a string!\",","    }).not.toContainJsonTypes({","      test_str: Number,","    });","  });","","","  it('JSONTypes should not match with non-existent JSON key', function() {","    // Set fake JSON body","    var testJson = {","      test_str: \"I am a string!\",","      test_int: 42,","      test_float: 42.42","    };","","    // Expectation","    expect(testJson).not.toContainJsonTypes({","      test_str: String,","      test: String // Key that does not exist","    });","  });","","","  it('toContainJson should continue checking matches after nested object', function() {","    // Expectation","    expect({","      test_str: \"I am a string!\",","      test_obj: {","        foo: 'bar',","        bar: 'baz'","      },","      test_int: 42","    }).not.toContainJson({","      test_str: \"I am a string!\",","      test_obj: {","        foo: 'bar',","        bar: 'baz'","      },","      test_int: 4242","    });","  });","","","  it('toContainJson should fail on non-matching objects inside an array', function() {","    // Expectation","    expect({","      test_str: \"I am a string!\",","      test_objs: [","        { foo: 'bar' },","        { bar: 'baz' }","      ],","      test_int: 42","    }).not.toContainJson({","      test_str: \"I am a string!\",","      test_objs: [","        { foo: 'bar' },","        { bar: 'barX' }","      ],","      test_int: 42","    });","  });","","});",""],"l":{"1":2,"2":0,"5":0,"7":0,"9":0,"16":0,"21":0,"29":0,"31":0,"38":0,"40":0,"45":0,"47":0,"54":0,"56":0,"61":0,"63":0,"72":0,"74":0,"76":0,"81":0,"83":0,"92":0,"94":0,"95":0,"97":0,"98":0,"103":0,"105":0,"112":0,"114":0,"119":0,"121":0,"128":0,"130":0,"135":0,"137":0,"144":0,"145":0,"146":0,"147":0,"152":0,"154":0,"161":0,"165":0,"167":0,"174":0,"181":0,"183":0,"190":0,"197":0,"199":0,"206":0,"213":0,"215":0,"223":0,"225":0,"233":0,"235":0,"242":0,"249":0,"251":0,"269":0,"271":0}},"/home/travis/build/npmtest/node-npmtest-frisby/node_modules/frisby/spec/frisby_withpath_spec.js":{"path":"/home/travis/build/npmtest/node-npmtest-frisby/node_modules/frisby/spec/frisby_withpath_spec.js","s":{"1":2,"2":0,"3":0,"4":0,"5":0,"6":0,"7":0,"8":0,"9":0,"10":0,"11":0,"12":0,"13":0,"14":0,"15":0,"16":0,"17":0,"18":0,"19":0,"20":0,"21":0,"22":0,"23":0,"24":0,"25":0,"26":0,"27":0},"b":{"1":[0,0]},"f":{"1":0,"2":0,"3":0,"4":0,"5":0,"6":0,"7":0,"8":0,"9":0,"10":0,"11":0},"fnMap":{"1":{"name":"(anonymous_1)","line":3,"loc":{"start":{"line":3,"column":35},"end":{"line":3,"column":46}}},"2":{"name":"(anonymous_2)","line":5,"loc":{"start":{"line":5,"column":44},"end":{"line":5,"column":55}}},"3":{"name":"(anonymous_3)","line":12,"loc":{"start":{"line":12,"column":9},"end":{"line":12,"column":28}}},"4":{"name":"(anonymous_4)","line":21,"loc":{"start":{"line":21,"column":58},"end":{"line":21,"column":69}}},"5":{"name":"(anonymous_5)","line":30,"loc":{"start":{"line":30,"column":9},"end":{"line":30,"column":28}}},"6":{"name":"(anonymous_6)","line":39,"loc":{"start":{"line":39,"column":67},"end":{"line":39,"column":78}}},"7":{"name":"(anonymous_7)","line":58,"loc":{"start":{"line":58,"column":9},"end":{"line":58,"column":28}}},"8":{"name":"(anonymous_8)","line":69,"loc":{"start":{"line":69,"column":86},"end":{"line":69,"column":97}}},"9":{"name":"(anonymous_9)","line":88,"loc":{"start":{"line":88,"column":9},"end":{"line":88,"column":28}}},"10":{"name":"(anonymous_10)","line":98,"loc":{"start":{"line":98,"column":67},"end":{"line":98,"column":78}}},"11":{"name":"(anonymous_11)","line":106,"loc":{"start":{"line":106,"column":9},"end":{"line":106,"column":28}}}},"statementMap":{"1":{"start":{"line":1,"column":0},"end":{"line":1,"column":38}},"2":{"start":{"line":3,"column":0},"end":{"line":112,"column":3}},"3":{"start":{"line":5,"column":2},"end":{"line":19,"column":5}},"4":{"start":{"line":6,"column":4},"end":{"line":18,"column":7}},"5":{"start":{"line":13,"column":6},"end":{"line":17,"column":9}},"6":{"start":{"line":21,"column":2},"end":{"line":37,"column":5}},"7":{"start":{"line":22,"column":4},"end":{"line":36,"column":7}},"8":{"start":{"line":31,"column":6},"end":{"line":35,"column":9}},"9":{"start":{"line":39,"column":2},"end":{"line":67,"column":5}},"10":{"start":{"line":40,"column":4},"end":{"line":40,"column":18}},"11":{"start":{"line":41,"column":4},"end":{"line":65,"column":7}},"12":{"start":{"line":59,"column":8},"end":{"line":59,"column":16}},"13":{"start":{"line":60,"column":8},"end":{"line":64,"column":11}},"14":{"start":{"line":66,"column":4},"end":{"line":66,"column":29}},"15":{"start":{"line":69,"column":2},"end":{"line":96,"column":5}},"16":{"start":{"line":70,"column":4},"end":{"line":70,"column":18}},"17":{"start":{"line":71,"column":4},"end":{"line":94,"column":7}},"18":{"start":{"line":89,"column":8},"end":{"line":89,"column":16}},"19":{"start":{"line":91,"column":8},"end":{"line":93,"column":9}},"20":{"start":{"line":92,"column":10},"end":{"line":92,"column":60}},"21":{"start":{"line":95,"column":4},"end":{"line":95,"column":29}},"22":{"start":{"line":98,"column":2},"end":{"line":111,"column":5}},"23":{"start":{"line":99,"column":4},"end":{"line":99,"column":18}},"24":{"start":{"line":100,"column":4},"end":{"line":109,"column":7}},"25":{"start":{"line":107,"column":8},"end":{"line":107,"column":16}},"26":{"start":{"line":108,"column":8},"end":{"line":108,"column":42}},"27":{"start":{"line":110,"column":4},"end":{"line":110,"column":29}}},"branchMap":{"1":{"line":91,"type":"if","locations":[{"start":{"line":91,"column":8},"end":{"line":91,"column":8}},{"start":{"line":91,"column":8},"end":{"line":91,"column":8}}]}},"code":["var frisby = require('../lib/frisby');","","describe('Frisby withPath syntax', function() {","","  it('should work with single string path', function() {","    frisby.withPath('response', {","        response: {","          foo: 'bar',","          bar: 'baz',","          one: 1","        }","      }, function(jsonBody) {","      expect(jsonBody).toEqual({","        foo: 'bar',","        bar: 'baz',","        one: 1","      });","    });","  });","","  it('should work with nested dot-separated string path', function() {","    frisby.withPath('response.data', {","        response: {","          data: {","            foo: 'bar',","            bar: 'baz',","            one: 1","          }","        }","      }, function(jsonBody) {","      expect(jsonBody).toEqual({","        foo: 'bar',","        bar: 'baz',","        one: 1","      });","    });","  });","","  it('should work with asterisk to iterate over array of objects', function() {","    var count = 0;","    frisby.withPath('response.items.*', {","        response: {","          items: [{","              foo: 'bar',","              bar: 'baz',","              one: 1","            },{","              foo: 'bar',","              bar: 'baz',","              one: 1","            },{","              foo: 'bar',","              bar: 'baz',","              one: 1","            }","          ]","        }","      }, function(jsonBody) {","        ++count;","        expect(jsonBody).toEqual({","          foo: 'bar',","          bar: 'baz',","          one: 1","        });","    });","    expect(count).toEqual(3);","  });","","  it('should work with question mark to match at least one of the items in an array', function() {","    var count = 0;","    frisby.withPath('response.items.?', {","        response: {","          items: [{","              foo: 'bar',","              bar: 'baz',","              one: 1","            },{","              foo: 'bar2',","              bar: 'baz2',","              one: 2","            },{","              foo: 'bar3',","              bar: 'baz3',","              one: 3","            }","          ]","        }","      }, function(jsonBody) {","        ++count;","        // Exception should not be shown because at least ONE iteration will not throw an exception","        if(jsonBody.foo !== 'bar') {","          throw new Error('Property foo did not match bar');","        }","    });","    expect(count).toEqual(3);","  });","","  it('should work with ampersand to iterate over keys of objects', function() {","    var count = 0;","    frisby.withPath('response.&', {","        response: {","          foo: 'bar',","          bar: 'baz',","          one: 'one'","        }","      }, function(jsonBody) {","        ++count;","        expect(jsonBody).toBeType(String);","    });","    expect(count).toEqual(3);","  });","});",""],"l":{"1":2,"3":0,"5":0,"6":0,"13":0,"21":0,"22":0,"31":0,"39":0,"40":0,"41":0,"59":0,"60":0,"66":0,"69":0,"70":0,"71":0,"89":0,"91":0,"92":0,"95":0,"98":0,"99":0,"100":0,"107":0,"108":0,"110":0}}}